Log file open, 11/19/19 14:58:21
LogWindows: Failed to load 'aqProf.dll' (GetLastError=126)
LogWindows: File 'aqProf.dll' does not exist
LogWindows: Failed to load 'VtuneApi.dll' (GetLastError=126)
LogWindows: File 'VtuneApi.dll' does not exist
LogWindows: Failed to load 'VtuneApi32e.dll' (GetLastError=126)
LogWindows: File 'VtuneApi32e.dll' does not exist
LogConsoleResponse: Display: Failed to find resolution value strings in scalability ini. Falling back to default.
LogInit: Display: Running engine for game: CoopMode
LogPlatformFile: Not using cached read wrapper
LogTaskGraph: Started task graph with 5 named threads and 14 total threads with 3 sets of task threads.
LogStats: Stats thread started at 0.086817
LogD3D11RHI: Loaded GFSDK_Aftermath_Lib.x64.dll
LogICUInternationalization: ICU TimeZone Detection - Raw Offset: +1:00, Platform Override: ''
LogPluginManager: Mounting plugin Paper2D
LogPluginManager: Mounting plugin AISupport
LogPluginManager: Mounting plugin LightPropagationVolume
LogPluginManager: Mounting plugin ActorLayerUtilities
LogPluginManager: Mounting plugin AnimationSharing
LogPluginManager: Mounting plugin CLionSourceCodeAccess
LogPluginManager: Mounting plugin CodeLiteSourceCodeAccess
LogPluginManager: Mounting plugin ConcertMain
LogPluginManager: Mounting plugin ConcertSyncClient
LogPluginManager: Mounting plugin ConcertSyncCore
LogPluginManager: Found config from plugin[ConcertSyncCore] D:/CoopMode/Saved/Config/Windows/Engine.ini
LogPluginManager: Mounting plugin MultiUserClient
LogPluginManager: Mounting plugin GitSourceControl
LogPluginManager: Mounting plugin KDevelopSourceCodeAccess
LogPluginManager: Mounting plugin NullSourceCodeAccess
LogPluginManager: Mounting plugin PerforceSourceControl
LogPluginManager: Mounting plugin SubversionSourceControl
LogPluginManager: Mounting plugin UObjectPlugin
LogPluginManager: Mounting plugin VisualStudioCodeSourceCodeAccess
LogPluginManager: Mounting plugin VisualStudioSourceCodeAccess
LogPluginManager: Mounting plugin XCodeSourceCodeAccess
LogPluginManager: Mounting plugin AssetManagerEditor
LogPluginManager: Mounting plugin CryptoKeys
LogPluginManager: Mounting plugin CurveEditorTools
LogPluginManager: Mounting plugin DataValidation
LogPluginManager: Mounting plugin FacialAnimation
LogPluginManager: Mounting plugin GameplayTagsEditor
LogPluginManager: Mounting plugin MacGraphicsSwitching
LogPluginManager: Mounting plugin MaterialAnalyzer
LogPluginManager: Mounting plugin MobileLauncherProfileWizard
LogPluginManager: Mounting plugin PluginBrowser
LogPluginManager: Mounting plugin SpeedTreeImporter
LogPluginManager: Mounting plugin DatasmithContent
LogPluginManager: Mounting plugin VariantManagerContent
LogPluginManager: Mounting plugin AlembicImporter
LogPluginManager: Mounting plugin AutomationUtils
LogPluginManager: Mounting plugin BackChannel
LogPluginManager: Mounting plugin CharacterAI
LogPluginManager: Mounting plugin GeometryCache
LogPluginManager: Mounting plugin HTML5Networking
LogPluginManager: Mounting plugin PlatformCrypto
LogPluginManager: Mounting plugin ProxyLODPlugin
LogPluginManager: Mounting plugin SkeletalReduction
LogPluginManager: Mounting plugin MagicLeap
LogPluginManager: Mounting plugin MagicLeapMedia
LogPluginManager: Mounting plugin AndroidMedia
LogPluginManager: Mounting plugin AvfMedia
LogPluginManager: Mounting plugin ImgMedia
LogPluginManager: Mounting plugin MediaCompositing
LogPluginManager: Mounting plugin MediaPlayerEditor
LogPluginManager: Mounting plugin WebMMedia
LogPluginManager: Mounting plugin WmfMedia
LogPluginManager: Mounting plugin TcpMessaging
LogPluginManager: Mounting plugin UdpMessaging
LogPluginManager: Mounting plugin ActorSequence
LogPluginManager: Mounting plugin LevelSequenceEditor
LogPluginManager: Mounting plugin MatineeToLevelSequence
LogPluginManager: Mounting plugin NetcodeUnitTest
LogPluginManager: Mounting plugin NUTUnrealEngine4
LogPluginManager: Mounting plugin OnlineSubsystemGooglePlay
LogPluginManager: Mounting plugin OnlineSubsystemIOS
LogPluginManager: Mounting plugin OnlineSubsystem
LogPluginManager: Mounting plugin OnlineSubsystemNull
LogPluginManager: Mounting plugin OnlineSubsystemSteam
LogPluginManager: Mounting plugin OnlineSubsystemUtils
LogPluginManager: Mounting plugin LauncherChunkInstaller
LogPluginManager: Mounting plugin AndroidDeviceProfileSelector
LogPluginManager: Mounting plugin AndroidMoviePlayer
LogPluginManager: Mounting plugin AndroidPermission
LogPluginManager: Mounting plugin AppleImageUtils
LogPluginManager: Mounting plugin AppleMoviePlayer
LogPluginManager: Mounting plugin ArchVisCharacter
LogPluginManager: Mounting plugin AudioCapture
LogPluginManager: Mounting plugin CableComponent
LogPluginManager: Mounting plugin CustomMeshComponent
LogPluginManager: Mounting plugin SQLiteCore
LogPluginManager: Mounting plugin EditableMesh
LogPluginManager: Mounting plugin ExampleDeviceProfileSelector
LogPluginManager: Mounting plugin GoogleCloudMessaging
LogPluginManager: Mounting plugin IOSDeviceProfileSelector
LogPluginManager: Mounting plugin LinuxDeviceProfileSelector
LogPluginManager: Mounting plugin LocationServicesBPLibrary
LogPluginManager: Mounting plugin MobilePatchingUtils
LogPluginManager: Mounting plugin OculusVR
LogPluginManager: Mounting plugin PhysXVehicles
LogPluginManager: Mounting plugin ProceduralMeshComponent
LogPluginManager: Mounting plugin RuntimePhysXCooking
LogPluginManager: Mounting plugin SignificanceManager
LogPluginManager: Mounting plugin SteamVR
LogPluginManager: Mounting plugin WebMMoviePlayer
LogPluginManager: Mounting plugin WindowsMoviePlayer
LogPluginManager: Mounting plugin ScreenshotTools
LogPluginManager: Mounting plugin AdvancedSessions
LogPluginManager: Mounting plugin AdvancedSteamSessions
LogInit: Using libcurl 7.55.1-DEV
LogInit:  - built for x86_64-pc-win32
LogInit:  - supports SSL with OpenSSL/1.1.1
LogInit:  - supports HTTP deflate (compression) using libz 1.2.8
LogInit:  - other features:
LogInit:      CURL_VERSION_SSL
LogInit:      CURL_VERSION_LIBZ
LogInit:      CURL_VERSION_IPV6
LogInit:      CURL_VERSION_ASYNCHDNS
LogInit:      CURL_VERSION_LARGEFILE
LogInit:      CURL_VERSION_IDN
LogInit:  CurlRequestOptions (configurable via config and command line):
LogInit:  - bVerifyPeer = true  - Libcurl will verify peer certificate
LogInit:  - bUseHttpProxy = false  - Libcurl will NOT use HTTP proxy
LogInit:  - bDontReuseConnections = false  - Libcurl will reuse connections
LogInit:  - MaxHostConnections = 16  - Libcurl will limit the number of connections to a host
LogInit:  - LocalHostAddr = Default
LogInit:  - BufferSize = 65536
LogOnline: OSS: Creating online subsystem instance for: NULL
LogInit: WinSock: version 1.1 (2.2), MaxSocks=32767, MaxUdp=65467
LogInit: Build: ++UE4+Release-4.23-CL-9631420
LogInit: Engine Version: 4.23.1-9631420+++UE4+Release-4.23
LogInit: Compatible Engine Version: 4.23.0-8386587+++UE4+Release-4.23
LogInit: Net CL: 8386587
LogInit: OS: Windows 10 (Release 1903) (), CPU: Intel(R) Core(TM) i5-6400 CPU @ 2.70GHz, GPU: NVIDIA GeForce GTX 1060 6GB
LogInit: Compiled (64-bit): Oct 18 2019 02:07:44
LogInit: Compiled with Visual C++: 19.16.27030.01
LogInit: Build Configuration: Development
LogInit: Branch Name: ++UE4+Release-4.23
LogInit: Command Line:  -EpicPortal -epicusername=zNequZ -epicuserid=a422c2a41f744ccc8e52e37b4c1cb8cb -epiclocale=de-DE
LogInit: Base Directory: D:/UE4/UE_4.23/Engine/Binaries/Win64/
LogInit: Installed Engine Build: 1
LogDevObjectVersion: Number of dev versions registered: 23
LogDevObjectVersion:   Dev-Blueprints (B0D832E4-1F89-4F0D-ACCF-7EB736FD4AA2): 10
LogDevObjectVersion:   Dev-Build (E1C64328-A22C-4D53-A36C-8E866417BD8C): 0
LogDevObjectVersion:   Dev-Core (375EC13C-06E4-48FB-B500-84F0262A717E): 3
LogDevObjectVersion:   Dev-Editor (E4B068ED-F494-42E9-A231-DA0B2E46BB41): 34
LogDevObjectVersion:   Dev-Framework (CFFC743F-43B0-4480-9391-14DF171D2073): 35
LogDevObjectVersion:   Dev-Mobile (B02B49B5-BB20-44E9-A304-32B752E40360): 2
LogDevObjectVersion:   Dev-Networking (A4E4105C-59A1-49B5-A7C5-40C4547EDFEE): 0
LogDevObjectVersion:   Dev-Online (39C831C9-5AE6-47DC-9A44-9C173E1C8E7C): 0
LogDevObjectVersion:   Dev-Physics (78F01B33-EBEA-4F98-B9B4-84EACCB95AA2): 0
LogDevObjectVersion:   Dev-Platform (6631380F-2D4D-43E0-8009-CF276956A95A): 0
LogDevObjectVersion:   Dev-Rendering (12F88B9F-8875-4AFC-A67C-D90C383ABD29): 31
LogDevObjectVersion:   Dev-Sequencer (7B5AE74C-D270-4C10-A958-57980B212A5A): 11
LogDevObjectVersion:   Dev-VR (D7296918-1DD6-4BDD-9DE2-64A83CC13884): 2
LogDevObjectVersion:   Dev-LoadTimes (C2A15278-BFE7-4AFE-6C17-90FF531DF755): 1
LogDevObjectVersion:   Private-Geometry (6EACA3D4-40EC-4CC1-B786-8BED09428FC5): 3
LogDevObjectVersion:   Dev-AnimPhys (29E575DD-E0A3-4627-9D10-D276232CDCEA): 17
LogDevObjectVersion:   Dev-Anim (AF43A65D-7FD3-4947-9873-3E8ED9C1BB05): 2
LogDevObjectVersion:   Dev-ReflectionCapture (6B266CEC-1EC7-4B8F-A30B-E4D90942FC07): 1
LogDevObjectVersion:   Dev-Automation (0DF73D61-A23F-47EA-B727-89E90C41499A): 1
LogDevObjectVersion:   FortniteMain (601D1886-AC64-4F84-AA16-D3DE0DEAC7D6): 27
LogDevObjectVersion:   Dev-Enterprise (9DFFBCD6-494F-0158-E221-12823C92A888): 6
LogDevObjectVersion:   Dev-Niagara (F2AED0AC-9AFE-416F-8664-AA7FFA26D6FC): 1
LogDevObjectVersion:   Dev-Destruction (174F1F0B-B4C6-45A5-B13F-2EE8D0FB917D): 9
LogInit: Presizing for max 16777216 objects, including 0 objects not considered by GC, pre-allocating 0 bytes for permanent pool.
LogInit: Object subsystem initialized
LogConfig: Setting CVar [[con.DebugEarlyDefault:1]]
LogConfig: Setting CVar [[r.setres:1280x720]]
[2019.11.19-13.58.21:304][  0]LogConfig: Setting CVar [[r.VSync:0]]
[2019.11.19-13.58.21:304][  0]LogConfig: Setting CVar [[r.RHICmdBypass:0]]
[2019.11.19-13.58.21:304][  0]LogConfig: Applying CVar settings from Section [/Script/Engine.RendererSettings] File [D:/CoopMode/Saved/Config/Windows/Engine.ini]
[2019.11.19-13.58.21:304][  0]LogConfig: Setting CVar [[r.GPUCrashDebugging:0]]
[2019.11.19-13.58.21:304][  0]LogConfig: Applying CVar settings from Section [/Script/Engine.RendererOverrideSettings] File [D:/CoopMode/Saved/Config/Windows/Engine.ini]
[2019.11.19-13.58.21:304][  0]LogConfig: Applying CVar settings from Section [/Script/Engine.StreamingSettings] File [D:/CoopMode/Saved/Config/Windows/Engine.ini]
[2019.11.19-13.58.21:304][  0]LogConfig: Setting CVar [[s.MinBulkDataSizeForAsyncLoading:131072]]
[2019.11.19-13.58.21:304][  0]LogConfig: Setting CVar [[s.AsyncLoadingThreadEnabled:0]]
[2019.11.19-13.58.21:304][  0]LogConfig: Setting CVar [[s.EventDrivenLoaderEnabled:1]]
[2019.11.19-13.58.21:304][  0]LogConfig: Setting CVar [[s.WarnIfTimeLimitExceeded:0]]
[2019.11.19-13.58.21:304][  0]LogConfig: Setting CVar [[s.TimeLimitExceededMultiplier:1.5]]
[2019.11.19-13.58.21:304][  0]LogConfig: Setting CVar [[s.TimeLimitExceededMinTime:0.005]]
[2019.11.19-13.58.21:304][  0]LogConfig: Setting CVar [[s.UseBackgroundLevelStreaming:1]]
[2019.11.19-13.58.21:304][  0]LogConfig: Setting CVar [[s.PriorityAsyncLoadingExtraTime:15.0]]
[2019.11.19-13.58.21:304][  0]LogConfig: Setting CVar [[s.LevelStreamingActorsUpdateTimeLimit:5.0]]
[2019.11.19-13.58.21:304][  0]LogConfig: Setting CVar [[s.PriorityLevelStreamingActorsUpdateExtraTime:5.0]]
[2019.11.19-13.58.21:304][  0]LogConfig: Setting CVar [[s.LevelStreamingComponentsRegistrationGranularity:10]]
[2019.11.19-13.58.21:304][  0]LogConfig: Setting CVar [[s.UnregisterComponentsTimeLimit:1.0]]
[2019.11.19-13.58.21:304][  0]LogConfig: Setting CVar [[s.LevelStreamingComponentsUnregistrationGranularity:5]]
[2019.11.19-13.58.21:304][  0]LogConfig: Applying CVar settings from Section [/Script/Engine.GarbageCollectionSettings] File [D:/CoopMode/Saved/Config/Windows/Engine.ini]
[2019.11.19-13.58.21:304][  0]LogConfig: Setting CVar [[gc.MaxObjectsNotConsideredByGC:1]]
[2019.11.19-13.58.21:304][  0]LogConfig: Setting CVar [[gc.SizeOfPermanentObjectPool:0]]
[2019.11.19-13.58.21:304][  0]LogConfig: Setting CVar [[gc.FlushStreamingOnGC:0]]
[2019.11.19-13.58.21:304][  0]LogConfig: Setting CVar [[gc.NumRetriesBeforeForcingGC:10]]
[2019.11.19-13.58.21:304][  0]LogConfig: Setting CVar [[gc.AllowParallelGC:1]]
[2019.11.19-13.58.21:304][  0]LogConfig: Setting CVar [[gc.TimeBetweenPurgingPendingKillObjects:61.1]]
[2019.11.19-13.58.21:304][  0]LogConfig: Setting CVar [[gc.MaxObjectsInEditor:16777216]]
[2019.11.19-13.58.21:304][  0]LogConfig: Setting CVar [[gc.IncrementalBeginDestroyEnabled:1]]
[2019.11.19-13.58.21:304][  0]LogConfig: Setting CVar [[gc.CreateGCClusters:1]]
[2019.11.19-13.58.21:304][  0]LogConfig: Setting CVar [[gc.MinGCClusterSize:5]]
[2019.11.19-13.58.21:304][  0]LogConfig: Setting CVar [[gc.ActorClusteringEnabled:0]]
[2019.11.19-13.58.21:304][  0]LogConfig: Setting CVar [[gc.BlueprintClusteringEnabled:0]]
[2019.11.19-13.58.21:305][  0]LogConfig: Setting CVar [[gc.UseDisregardForGCOnDedicatedServers:0]]
[2019.11.19-13.58.21:305][  0]LogConfig: Applying CVar settings from Section [/Script/Engine.NetworkSettings] File [D:/CoopMode/Saved/Config/Windows/Engine.ini]
[2019.11.19-13.58.21:305][  0]LogConfig: Applying CVar settings from Section [/Script/UnrealEd.CookerSettings] File [D:/CoopMode/Saved/Config/Windows/Engine.ini]
[2019.11.19-13.58.21:311][  0]LogConfig: Applying CVar settings from Section [ViewDistanceQuality@3] File [D:/CoopMode/Saved/Config/Windows/Scalability.ini]
[2019.11.19-13.58.21:311][  0]LogConfig: Setting CVar [[r.SkeletalMeshLODBias:0]]
[2019.11.19-13.58.21:311][  0]LogConfig: Setting CVar [[r.ViewDistanceScale:1.0]]
[2019.11.19-13.58.21:311][  0]LogConfig: Applying CVar settings from Section [AntiAliasingQuality@3] File [D:/CoopMode/Saved/Config/Windows/Scalability.ini]
[2019.11.19-13.58.21:311][  0]LogConfig: Setting CVar [[r.PostProcessAAQuality:4]]
[2019.11.19-13.58.21:311][  0]LogConfig: Applying CVar settings from Section [ShadowQuality@3] File [D:/CoopMode/Saved/Config/Windows/Scalability.ini]
[2019.11.19-13.58.21:311][  0]LogConfig: Setting CVar [[r.LightFunctionQuality:1]]
[2019.11.19-13.58.21:311][  0]LogConfig: Setting CVar [[r.ShadowQuality:5]]
[2019.11.19-13.58.21:311][  0]LogConfig: Setting CVar [[r.Shadow.CSM.MaxCascades:10]]
[2019.11.19-13.58.21:311][  0]LogConfig: Setting CVar [[r.Shadow.MaxResolution:2048]]
[2019.11.19-13.58.21:311][  0]LogConfig: Setting CVar [[r.Shadow.MaxCSMResolution:2048]]
[2019.11.19-13.58.21:311][  0]LogConfig: Setting CVar [[r.Shadow.RadiusThreshold:0.01]]
[2019.11.19-13.58.21:311][  0]LogConfig: Setting CVar [[r.Shadow.DistanceScale:1.0]]
[2019.11.19-13.58.21:311][  0]LogConfig: Setting CVar [[r.Shadow.CSM.TransitionScale:1.0]]
[2019.11.19-13.58.21:311][  0]LogConfig: Setting CVar [[r.Shadow.PreShadowResolutionFactor:1.0]]
[2019.11.19-13.58.21:311][  0]LogConfig: Setting CVar [[r.DistanceFieldShadowing:1]]
[2019.11.19-13.58.21:311][  0]LogConfig: Setting CVar [[r.DistanceFieldAO:1]]
[2019.11.19-13.58.21:311][  0]LogConfig: Setting CVar [[r.AOQuality:2]]
[2019.11.19-13.58.21:311][  0]LogConfig: Setting CVar [[r.VolumetricFog:1]]
[2019.11.19-13.58.21:311][  0]LogConfig: Setting CVar [[r.VolumetricFog.GridPixelSize:8]]
[2019.11.19-13.58.21:311][  0]LogConfig: Setting CVar [[r.VolumetricFog.GridSizeZ:128]]
[2019.11.19-13.58.21:311][  0]LogConfig: Setting CVar [[r.VolumetricFog.HistoryMissSupersampleCount:4]]
[2019.11.19-13.58.21:311][  0]LogConfig: Setting CVar [[r.LightMaxDrawDistanceScale:1]]
[2019.11.19-13.58.21:311][  0]LogConfig: Setting CVar [[r.CapsuleShadows:1]]
[2019.11.19-13.58.21:311][  0]LogConfig: Applying CVar settings from Section [PostProcessQuality@3] File [D:/CoopMode/Saved/Config/Windows/Scalability.ini]
[2019.11.19-13.58.21:311][  0]LogConfig: Setting CVar [[r.MotionBlurQuality:4]]
[2019.11.19-13.58.21:311][  0]LogConfig: Setting CVar [[r.AmbientOcclusionMipLevelFactor:0.4]]
[2019.11.19-13.58.21:311][  0]LogConfig: Setting CVar [[r.AmbientOcclusionMaxQuality:100]]
[2019.11.19-13.58.21:311][  0]LogConfig: Setting CVar [[r.AmbientOcclusionLevels:-1]]
[2019.11.19-13.58.21:311][  0]LogConfig: Setting CVar [[r.AmbientOcclusionRadiusScale:1.0]]
[2019.11.19-13.58.21:311][  0]LogConfig: Setting CVar [[r.DepthOfFieldQuality:2]]
[2019.11.19-13.58.21:311][  0]LogConfig: Setting CVar [[r.RenderTargetPoolMin:400]]
[2019.11.19-13.58.21:311][  0]LogConfig: Setting CVar [[r.LensFlareQuality:2]]
[2019.11.19-13.58.21:311][  0]LogConfig: Setting CVar [[r.SceneColorFringeQuality:1]]
[2019.11.19-13.58.21:311][  0]LogConfig: Setting CVar [[r.EyeAdaptationQuality:2]]
[2019.11.19-13.58.21:311][  0]LogConfig: Setting CVar [[r.BloomQuality:5]]
[2019.11.19-13.58.21:311][  0]LogConfig: Setting CVar [[r.FastBlurThreshold:100]]
[2019.11.19-13.58.21:311][  0]LogConfig: Setting CVar [[r.Upscale.Quality:3]]
[2019.11.19-13.58.21:311][  0]LogConfig: Setting CVar [[r.Tonemapper.GrainQuantization:1]]
[2019.11.19-13.58.21:311][  0]LogConfig: Setting CVar [[r.LightShaftQuality:1]]
[2019.11.19-13.58.21:311][  0]LogConfig: Setting CVar [[r.Filter.SizeScale:1]]
[2019.11.19-13.58.21:311][  0]LogConfig: Setting CVar [[r.Tonemapper.Quality:5]]
[2019.11.19-13.58.21:311][  0]LogConfig: Setting CVar [[r.DOF.Gather.AccumulatorQuality:1        ; higher gathering accumulator quality]]
[2019.11.19-13.58.21:311][  0]LogConfig: Setting CVar [[r.DOF.Gather.PostfilterMethod:1          ; Median3x3 postfilering method]]
[2019.11.19-13.58.21:311][  0]LogConfig: Setting CVar [[r.DOF.Gather.EnableBokehSettings:0       ; no bokeh simulation when gathering]]
[2019.11.19-13.58.21:311][  0]LogConfig: Setting CVar [[r.DOF.Gather.RingCount:4                 ; medium number of samples when gathering]]
[2019.11.19-13.58.21:311][  0]LogConfig: Setting CVar [[r.DOF.Scatter.ForegroundCompositing:1    ; additive foreground scattering]]
[2019.11.19-13.58.21:311][  0]LogConfig: Setting CVar [[r.DOF.Scatter.BackgroundCompositing:2    ; additive background scattering]]
[2019.11.19-13.58.21:311][  0]LogConfig: Setting CVar [[r.DOF.Scatter.EnableBokehSettings:1      ; bokeh simulation when scattering]]
[2019.11.19-13.58.21:311][  0]LogConfig: Setting CVar [[r.DOF.Scatter.MaxSpriteRatio:0.1         ; only a maximum of 10% of scattered bokeh]]
[2019.11.19-13.58.21:311][  0]LogConfig: Setting CVar [[r.DOF.Recombine.Quality:1                ; cheap slight out of focus]]
[2019.11.19-13.58.21:311][  0]LogConfig: Setting CVar [[r.DOF.Recombine.EnableBokehSettings:0    ; no bokeh simulation on slight out of focus]]
[2019.11.19-13.58.21:311][  0]LogConfig: Setting CVar [[r.DOF.TemporalAAQuality:1                ; more stable temporal accumulation]]
[2019.11.19-13.58.21:312][  0]LogConfig: Setting CVar [[r.DOF.Kernel.MaxForegroundRadius:0.025]]
[2019.11.19-13.58.21:312][  0]LogConfig: Setting CVar [[r.DOF.Kernel.MaxBackgroundRadius:0.025]]
[2019.11.19-13.58.21:312][  0]LogConfig: Applying CVar settings from Section [TextureQuality@3] File [D:/CoopMode/Saved/Config/Windows/Scalability.ini]
[2019.11.19-13.58.21:312][  0]LogConfig: Setting CVar [[r.Streaming.MipBias:0]]
[2019.11.19-13.58.21:312][  0]LogConfig: Setting CVar [[r.Streaming.AmortizeCPUToGPUCopy:0]]
[2019.11.19-13.58.21:312][  0]LogConfig: Setting CVar [[r.Streaming.MaxNumTexturesToStreamPerFrame:0]]
[2019.11.19-13.58.21:312][  0]LogConfig: Setting CVar [[r.Streaming.Boost:1]]
[2019.11.19-13.58.21:312][  0]LogConfig: Setting CVar [[r.MaxAnisotropy:8]]
[2019.11.19-13.58.21:312][  0]LogConfig: Setting CVar [[r.Streaming.LimitPoolSizeToVRAM:0]]
[2019.11.19-13.58.21:312][  0]LogConfig: Setting CVar [[r.Streaming.PoolSize:1000]]
[2019.11.19-13.58.21:312][  0]LogConfig: Setting CVar [[r.Streaming.MaxEffectiveScreenSize:0]]
[2019.11.19-13.58.21:312][  0]LogConfig: Applying CVar settings from Section [EffectsQuality@3] File [D:/CoopMode/Saved/Config/Windows/Scalability.ini]
[2019.11.19-13.58.21:312][  0]LogConfig: Setting CVar [[r.TranslucencyLightingVolumeDim:64]]
[2019.11.19-13.58.21:312][  0]LogConfig: Setting CVar [[r.RefractionQuality:2]]
[2019.11.19-13.58.21:312][  0]LogConfig: Setting CVar [[r.SSR.Quality:3]]
[2019.11.19-13.58.21:312][  0]LogConfig: Setting CVar [[r.SceneColorFormat:4]]
[2019.11.19-13.58.21:312][  0]LogConfig: Setting CVar [[r.DetailMode:2]]
[2019.11.19-13.58.21:312][  0]LogConfig: Setting CVar [[r.TranslucencyVolumeBlur:1]]
[2019.11.19-13.58.21:312][  0]LogConfig: Setting CVar [[r.MaterialQualityLevel:1 ; High quality]]
[2019.11.19-13.58.21:312][  0]LogConfig: Setting CVar [[r.SSS.Scale:1]]
[2019.11.19-13.58.21:312][  0]LogConfig: Setting CVar [[r.SSS.SampleSet:2]]
[2019.11.19-13.58.21:312][  0]LogConfig: Setting CVar [[r.SSS.Quality:1]]
[2019.11.19-13.58.21:312][  0]LogConfig: Setting CVar [[r.SSS.HalfRes:1]]
[2019.11.19-13.58.21:312][  0]LogConfig: Setting CVar [[r.EmitterSpawnRateScale:1.0]]
[2019.11.19-13.58.21:312][  0]LogConfig: Setting CVar [[r.ParticleLightQuality:2]]
[2019.11.19-13.58.21:312][  0]LogConfig: Applying CVar settings from Section [FoliageQuality@3] File [D:/CoopMode/Saved/Config/Windows/Scalability.ini]
[2019.11.19-13.58.21:312][  0]LogConfig: Setting CVar [[foliage.DensityScale:1.0]]
[2019.11.19-13.58.21:312][  0]LogConfig: Setting CVar [[grass.DensityScale:1.0]]
[2019.11.19-13.58.21:312][  0]LogInit: Selected Device Profile: [Windows]
[2019.11.19-13.58.21:312][  0]LogInit: Applying CVar settings loaded from the selected device profile: [Windows]
[2019.11.19-13.58.21:315][  0]LogHAL: Display: Platform has ~ 12 GB [12836597760 / 17179869184 / 12], which maps to Larger [LargestMinGB=32, LargerMinGB=12, DefaultMinGB=8, SmallerMinGB=6, SmallestMinGB=0)
[2019.11.19-13.58.21:315][  0]LogInit: Going up to parent DeviceProfile []
[2019.11.19-13.58.21:315][  0]LogConfig: Applying CVar settings from Section [ViewDistanceQuality@3] File [D:/CoopMode/Saved/Config/Windows/Scalability.ini]
[2019.11.19-13.58.21:315][  0]LogConfig: Setting CVar [[r.SkeletalMeshLODBias:0]]
[2019.11.19-13.58.21:315][  0]LogConfig: Setting CVar [[r.ViewDistanceScale:1.0]]
[2019.11.19-13.58.21:315][  0]LogConfig: Applying CVar settings from Section [AntiAliasingQuality@3] File [D:/CoopMode/Saved/Config/Windows/Scalability.ini]
[2019.11.19-13.58.21:315][  0]LogConfig: Setting CVar [[r.PostProcessAAQuality:4]]
[2019.11.19-13.58.21:315][  0]LogConfig: Applying CVar settings from Section [ShadowQuality@3] File [D:/CoopMode/Saved/Config/Windows/Scalability.ini]
[2019.11.19-13.58.21:315][  0]LogConfig: Setting CVar [[r.LightFunctionQuality:1]]
[2019.11.19-13.58.21:315][  0]LogConfig: Setting CVar [[r.ShadowQuality:5]]
[2019.11.19-13.58.21:315][  0]LogConfig: Setting CVar [[r.Shadow.CSM.MaxCascades:10]]
[2019.11.19-13.58.21:315][  0]LogConfig: Setting CVar [[r.Shadow.MaxResolution:2048]]
[2019.11.19-13.58.21:315][  0]LogConfig: Setting CVar [[r.Shadow.MaxCSMResolution:2048]]
[2019.11.19-13.58.21:315][  0]LogConfig: Setting CVar [[r.Shadow.RadiusThreshold:0.01]]
[2019.11.19-13.58.21:315][  0]LogConfig: Setting CVar [[r.Shadow.DistanceScale:1.0]]
[2019.11.19-13.58.21:315][  0]LogConfig: Setting CVar [[r.Shadow.CSM.TransitionScale:1.0]]
[2019.11.19-13.58.21:315][  0]LogConfig: Setting CVar [[r.Shadow.PreShadowResolutionFactor:1.0]]
[2019.11.19-13.58.21:315][  0]LogConfig: Setting CVar [[r.DistanceFieldShadowing:1]]
[2019.11.19-13.58.21:315][  0]LogConfig: Setting CVar [[r.DistanceFieldAO:1]]
[2019.11.19-13.58.21:315][  0]LogConfig: Setting CVar [[r.AOQuality:2]]
[2019.11.19-13.58.21:315][  0]LogConfig: Setting CVar [[r.VolumetricFog:1]]
[2019.11.19-13.58.21:315][  0]LogConfig: Setting CVar [[r.VolumetricFog.GridPixelSize:8]]
[2019.11.19-13.58.21:315][  0]LogConfig: Setting CVar [[r.VolumetricFog.GridSizeZ:128]]
[2019.11.19-13.58.21:315][  0]LogConfig: Setting CVar [[r.VolumetricFog.HistoryMissSupersampleCount:4]]
[2019.11.19-13.58.21:315][  0]LogConfig: Setting CVar [[r.LightMaxDrawDistanceScale:1]]
[2019.11.19-13.58.21:315][  0]LogConfig: Setting CVar [[r.CapsuleShadows:1]]
[2019.11.19-13.58.21:315][  0]LogConfig: Applying CVar settings from Section [PostProcessQuality@2] File [D:/CoopMode/Saved/Config/Windows/Scalability.ini]
[2019.11.19-13.58.21:315][  0]LogConfig: Setting CVar [[r.MotionBlurQuality:3]]
[2019.11.19-13.58.21:315][  0]LogConfig: Setting CVar [[r.AmbientOcclusionMipLevelFactor:0.6]]
[2019.11.19-13.58.21:315][  0]LogConfig: Setting CVar [[r.AmbientOcclusionMaxQuality:100]]
[2019.11.19-13.58.21:315][  0]LogConfig: Setting CVar [[r.AmbientOcclusionLevels:-1]]
[2019.11.19-13.58.21:315][  0]LogConfig: Setting CVar [[r.AmbientOcclusionRadiusScale:1.5]]
[2019.11.19-13.58.21:315][  0]LogConfig: Setting CVar [[r.DepthOfFieldQuality:2]]
[2019.11.19-13.58.21:315][  0]LogConfig: Setting CVar [[r.RenderTargetPoolMin:400]]
[2019.11.19-13.58.21:315][  0]LogConfig: Setting CVar [[r.LensFlareQuality:2]]
[2019.11.19-13.58.21:315][  0]LogConfig: Setting CVar [[r.SceneColorFringeQuality:1]]
[2019.11.19-13.58.21:315][  0]LogConfig: Setting CVar [[r.EyeAdaptationQuality:2]]
[2019.11.19-13.58.21:315][  0]LogConfig: Setting CVar [[r.BloomQuality:5]]
[2019.11.19-13.58.21:315][  0]LogConfig: Setting CVar [[r.FastBlurThreshold:3]]
[2019.11.19-13.58.21:315][  0]LogConfig: Setting CVar [[r.Upscale.Quality:2]]
[2019.11.19-13.58.21:315][  0]LogConfig: Setting CVar [[r.Tonemapper.GrainQuantization:1]]
[2019.11.19-13.58.21:315][  0]LogConfig: Setting CVar [[r.LightShaftQuality:1]]
[2019.11.19-13.58.21:315][  0]LogConfig: Setting CVar [[r.Filter.SizeScale:0.8]]
[2019.11.19-13.58.21:315][  0]LogConfig: Setting CVar [[r.Tonemapper.Quality:5]]
[2019.11.19-13.58.21:315][  0]LogConfig: Setting CVar [[r.DOF.Gather.AccumulatorQuality:0        ; lower gathering accumulator quality]]
[2019.11.19-13.58.21:315][  0]LogConfig: Setting CVar [[r.DOF.Gather.PostfilterMethod:2          ; Max3x3 postfilering method]]
[2019.11.19-13.58.21:315][  0]LogConfig: Setting CVar [[r.DOF.Gather.EnableBokehSettings:0       ; no bokeh simulation when gathering]]
[2019.11.19-13.58.21:315][  0]LogConfig: Setting CVar [[r.DOF.Gather.RingCount:4                 ; medium number of samples when gathering]]
[2019.11.19-13.58.21:316][  0]LogConfig: Setting CVar [[r.DOF.Scatter.ForegroundCompositing:1    ; additive foreground scattering]]
[2019.11.19-13.58.21:316][  0]LogConfig: Setting CVar [[r.DOF.Scatter.BackgroundCompositing:1    ; no background occlusion]]
[2019.11.19-13.58.21:316][  0]LogConfig: Setting CVar [[r.DOF.Scatter.EnableBokehSettings:0      ; no bokeh simulation when scattering]]
[2019.11.19-13.58.21:316][  0]LogConfig: Setting CVar [[r.DOF.Scatter.MaxSpriteRatio:0.04        ; only a maximum of 4% of scattered bokeh]]
[2019.11.19-13.58.21:316][  0]LogConfig: Setting CVar [[r.DOF.Recombine.Quality:0                ; no slight out of focus]]
[2019.11.19-13.58.21:316][  0]LogConfig: Setting CVar [[r.DOF.TemporalAAQuality:0                ; faster temporal accumulation]]
[2019.11.19-13.58.21:316][  0]LogConfig: Setting CVar [[r.DOF.Kernel.MaxForegroundRadius:0.012   ; required because of AccumulatorQuality=0]]
[2019.11.19-13.58.21:316][  0]LogConfig: Setting CVar [[r.DOF.Kernel.MaxBackgroundRadius:0.012   ; required because of AccumulatorQuality=0]]
[2019.11.19-13.58.21:316][  0]LogConfig: Applying CVar settings from Section [TextureQuality@1] File [D:/CoopMode/Saved/Config/Windows/Scalability.ini]
[2019.11.19-13.58.21:316][  0]LogConfig: Setting CVar [[r.Streaming.MipBias:1]]
[2019.11.19-13.58.21:316][  0]LogConfig: Setting CVar [[r.Streaming.AmortizeCPUToGPUCopy:0]]
[2019.11.19-13.58.21:316][  0]LogConfig: Setting CVar [[r.Streaming.MaxNumTexturesToStreamPerFrame:0]]
[2019.11.19-13.58.21:316][  0]LogConfig: Setting CVar [[r.Streaming.Boost:1]]
[2019.11.19-13.58.21:316][  0]LogConfig: Setting CVar [[r.MaxAnisotropy:2]]
[2019.11.19-13.58.21:316][  0]LogConfig: Setting CVar [[r.Streaming.LimitPoolSizeToVRAM:1]]
[2019.11.19-13.58.21:316][  0]LogConfig: Setting CVar [[r.Streaming.PoolSize:600]]
[2019.11.19-13.58.21:316][  0]LogConfig: Setting CVar [[r.Streaming.MaxEffectiveScreenSize:0]]
[2019.11.19-13.58.21:316][  0]LogConfig: Applying CVar settings from Section [EffectsQuality@3] File [D:/CoopMode/Saved/Config/Windows/Scalability.ini]
[2019.11.19-13.58.21:316][  0]LogConfig: Setting CVar [[r.TranslucencyLightingVolumeDim:64]]
[2019.11.19-13.58.21:316][  0]LogConfig: Setting CVar [[r.RefractionQuality:2]]
[2019.11.19-13.58.21:316][  0]LogConfig: Setting CVar [[r.SSR.Quality:3]]
[2019.11.19-13.58.21:316][  0]LogConfig: Setting CVar [[r.SceneColorFormat:4]]
[2019.11.19-13.58.21:316][  0]LogConfig: Setting CVar [[r.DetailMode:2]]
[2019.11.19-13.58.21:316][  0]LogConfig: Setting CVar [[r.TranslucencyVolumeBlur:1]]
[2019.11.19-13.58.21:316][  0]LogConfig: Setting CVar [[r.MaterialQualityLevel:1 ; High quality]]
[2019.11.19-13.58.21:316][  0]LogConfig: Setting CVar [[r.SSS.Scale:1]]
[2019.11.19-13.58.21:316][  0]LogConfig: Setting CVar [[r.SSS.SampleSet:2]]
[2019.11.19-13.58.21:316][  0]LogConfig: Setting CVar [[r.SSS.Quality:1]]
[2019.11.19-13.58.21:316][  0]LogConfig: Setting CVar [[r.SSS.HalfRes:1]]
[2019.11.19-13.58.21:316][  0]LogConfig: Setting CVar [[r.EmitterSpawnRateScale:1.0]]
[2019.11.19-13.58.21:316][  0]LogConfig: Setting CVar [[r.ParticleLightQuality:2]]
[2019.11.19-13.58.21:316][  0]LogConfig: Applying CVar settings from Section [FoliageQuality@1] File [D:/CoopMode/Saved/Config/Windows/Scalability.ini]
[2019.11.19-13.58.21:316][  0]LogConfig: Setting CVar [[foliage.DensityScale:0.4]]
[2019.11.19-13.58.21:316][  0]LogConfig: Setting CVar [[grass.DensityScale:0.4]]
[2019.11.19-13.58.21:316][  0]LogConfig: Applying CVar settings from Section [Startup] File [../../../Engine/Config/ConsoleVariables.ini]
[2019.11.19-13.58.21:316][  0]LogConfig: Setting CVar [[net.UseAdaptiveNetUpdateFrequency:0]]
[2019.11.19-13.58.21:316][  0]LogConfig: Setting CVar [[p.chaos.AllowCreatePhysxBodies:1]]
[2019.11.19-13.58.21:316][  0]LogConfig: Applying CVar settings from Section [ConsoleVariables] File [D:/CoopMode/Saved/Config/Windows/Engine.ini]
[2019.11.19-13.58.21:317][  0]LogInit: Computer: DESKTOP-VUANS71
[2019.11.19-13.58.21:317][  0]LogInit: User: nicif
[2019.11.19-13.58.21:317][  0]LogInit: CPU Page size=4096, Cores=4
[2019.11.19-13.58.21:317][  0]LogInit: High frequency timer resolution =10.000000 MHz
[2019.11.19-13.58.21:317][  0]LogMemory: Memory total: Physical=12.0GB (12GB approx)
[2019.11.19-13.58.21:317][  0]LogMemory: Platform Memory Stats for Windows
[2019.11.19-13.58.21:317][  0]LogMemory: Process Physical Memory: 99.90 MB used, 99.91 MB peak
[2019.11.19-13.58.21:317][  0]LogMemory: Process Virtual Memory: 98.66 MB used, 98.66 MB peak
[2019.11.19-13.58.21:317][  0]LogMemory: Physical Memory: 6393.11 MB used,  5848.82 MB free, 12241.93 MB total
[2019.11.19-13.58.21:317][  0]LogMemory: Virtual Memory: 4653.99 MB used,  134213072.00 MB free, 134217728.00 MB total
[2019.11.19-13.58.21:320][  0]LogWindows: WindowsPlatformFeatures enabled
[2019.11.19-13.58.21:342][  0]LogInit: Using OS detected language (de-DE).
[2019.11.19-13.58.21:342][  0]LogInit: Using OS detected locale (de-DE).
[2019.11.19-13.58.21:342][  0]LogTextLocalizationManager: No specific localization for 'de-DE' exists, so the 'de' localization will be used.
[2019.11.19-13.58.21:343][  0]LogTextLocalizationResource: LocRes '../../../Engine/Content/Localization/Editor/de/Editor.locres' could not be opened for reading!
[2019.11.19-13.58.21:343][  0]LogTextLocalizationResource: LocRes '../../../Engine/Content/Localization/EditorTutorials/de/EditorTutorials.locres' could not be opened for reading!
[2019.11.19-13.58.21:343][  0]LogTextLocalizationResource: LocRes '../../../Engine/Content/Localization/Keywords/de/Keywords.locres' could not be opened for reading!
[2019.11.19-13.58.21:343][  0]LogTextLocalizationResource: LocRes '../../../Engine/Content/Localization/Category/de/Category.locres' could not be opened for reading!
[2019.11.19-13.58.21:343][  0]LogTextLocalizationResource: LocRes '../../../Engine/Content/Localization/ToolTips/de/ToolTips.locres' could not be opened for reading!
[2019.11.19-13.58.21:343][  0]LogTextLocalizationResource: LocRes '../../../Engine/Content/Localization/PropertyNames/de/PropertyNames.locres' could not be opened for reading!
[2019.11.19-13.58.21:343][  0]LogTextLocalizationResource: LocRes '../../../Engine/Content/Localization/Engine/de/Engine.locres' could not be opened for reading!
[2019.11.19-13.58.21:349][  0]LogInit: Setting process to per monitor DPI aware
[2019.11.19-13.58.21:386][  0]LogSlate: New Slate User Created.  User Index 0, Is Virtual User: 0
[2019.11.19-13.58.21:386][  0]LogSlate: Slate User Registered.  User Index 0, Is Virtual User: 0
[2019.11.19-13.58.21:554][  0]LogHMD: Failed to initialize OpenVR with code 110
[2019.11.19-13.58.21:555][  0]LogD3D11RHI: D3D11 adapters:
[2019.11.19-13.58.21:642][  0]LogD3D11RHI:    0. 'NVIDIA GeForce GTX 1060 6GB' (Feature Level 11_0)
[2019.11.19-13.58.21:642][  0]LogD3D11RHI:       6052/0/6120 MB DedicatedVideo/DedicatedSystem/SharedSystem, Outputs:2, VendorId:0x10de
[2019.11.19-13.58.21:645][  0]LogD3D11RHI:    1. 'Microsoft Basic Render Driver' (Feature Level 11_0)
[2019.11.19-13.58.21:645][  0]LogD3D11RHI:       0/0/6120 MB DedicatedVideo/DedicatedSystem/SharedSystem, Outputs:0, VendorId:0x1414
[2019.11.19-13.58.21:645][  0]LogD3D11RHI: Chosen D3D11 Adapter: 0
[2019.11.19-13.58.21:654][  0]LogD3D11RHI: Creating new Direct3DDevice
[2019.11.19-13.58.21:654][  0]LogD3D11RHI:     GPU DeviceId: 0x1c03 (for the marketing name, search the web for "GPU Device Id")
[2019.11.19-13.58.21:654][  0]LogWindows: EnumDisplayDevices:
[2019.11.19-13.58.21:655][  0]LogWindows:    0. 'NVIDIA GeForce GTX 1060 6GB' (P:1 D:1)
[2019.11.19-13.58.21:655][  0]LogWindows:    1. 'NVIDIA GeForce GTX 1060 6GB' (P:0 D:1)
[2019.11.19-13.58.21:655][  0]LogWindows:    2. 'NVIDIA GeForce GTX 1060 6GB' (P:0 D:0)
[2019.11.19-13.58.21:656][  0]LogWindows:    3. 'NVIDIA GeForce GTX 1060 6GB' (P:0 D:0)
[2019.11.19-13.58.21:656][  0]LogWindows: DebugString: FoundDriverCount:4 
[2019.11.19-13.58.21:656][  0]LogD3D11RHI:     Adapter Name: NVIDIA GeForce GTX 1060 6GB
[2019.11.19-13.58.21:656][  0]LogD3D11RHI:   Driver Version: 441.20 (internal:26.21.14.4120, unified:441.20)
[2019.11.19-13.58.21:656][  0]LogD3D11RHI:      Driver Date: 11-6-2019
[2019.11.19-13.58.21:656][  0]LogRHI: Texture pool is 4236 MB (70% of 6052 MB)
[2019.11.19-13.58.21:706][  0]LogD3D11RHI: Async texture creation enabled
[2019.11.19-13.58.21:731][  0]LogD3D11RHI: GPU Timing Frequency: 1000.000000 (Debug: 2 1)
[2019.11.19-13.58.22:111][  0]LogTemp: Display: Module 'AllDesktopTargetPlatform' loaded TargetPlatform 'AllDesktop'
[2019.11.19-13.58.22:119][  0]LogTemp: Display: Module 'MacClientTargetPlatform' loaded TargetPlatform 'MacClient'
[2019.11.19-13.58.22:127][  0]LogTemp: Display: Module 'MacNoEditorTargetPlatform' loaded TargetPlatform 'MacNoEditor'
[2019.11.19-13.58.22:136][  0]LogTemp: Display: Module 'MacServerTargetPlatform' loaded TargetPlatform 'MacServer'
[2019.11.19-13.58.22:145][  0]LogTemp: Display: Module 'MacTargetPlatform' loaded TargetPlatform 'Mac'
[2019.11.19-13.58.22:153][  0]LogTemp: Display: Module 'WindowsClientTargetPlatform' loaded TargetPlatform 'WindowsClient'
[2019.11.19-13.58.22:161][  0]LogTemp: Display: Module 'WindowsNoEditorTargetPlatform' loaded TargetPlatform 'WindowsNoEditor'
[2019.11.19-13.58.22:170][  0]LogTemp: Display: Module 'WindowsServerTargetPlatform' loaded TargetPlatform 'WindowsServer'
[2019.11.19-13.58.22:174][  0]LogTemp: Display: Module 'WindowsTargetPlatform' loaded TargetPlatform 'Windows'
[2019.11.19-13.58.22:211][  0]LogTemp: Display: Module 'AndroidTargetPlatform' loaded TargetPlatform 'Android'
[2019.11.19-13.58.22:211][  0]LogTemp: Display: Module 'AndroidTargetPlatform' loaded TargetPlatform 'Android_ASTC'
[2019.11.19-13.58.22:211][  0]LogTemp: Display: Module 'AndroidTargetPlatform' loaded TargetPlatform 'Android_ATC'
[2019.11.19-13.58.22:211][  0]LogTemp: Display: Module 'AndroidTargetPlatform' loaded TargetPlatform 'Android_DXT'
[2019.11.19-13.58.22:211][  0]LogTemp: Display: Module 'AndroidTargetPlatform' loaded TargetPlatform 'Android_ETC1'
[2019.11.19-13.58.22:211][  0]LogTemp: Display: Module 'AndroidTargetPlatform' loaded TargetPlatform 'Android_ETC1a'
[2019.11.19-13.58.22:211][  0]LogTemp: Display: Module 'AndroidTargetPlatform' loaded TargetPlatform 'Android_ETC2'
[2019.11.19-13.58.22:211][  0]LogTemp: Display: Module 'AndroidTargetPlatform' loaded TargetPlatform 'Android_PVRTC'
[2019.11.19-13.58.22:211][  0]LogTemp: Display: Module 'AndroidTargetPlatform' loaded TargetPlatform 'AndroidClient'
[2019.11.19-13.58.22:211][  0]LogTemp: Display: Module 'AndroidTargetPlatform' loaded TargetPlatform 'Android_ASTCClient'
[2019.11.19-13.58.22:211][  0]LogTemp: Display: Module 'AndroidTargetPlatform' loaded TargetPlatform 'Android_ATCClient'
[2019.11.19-13.58.22:211][  0]LogTemp: Display: Module 'AndroidTargetPlatform' loaded TargetPlatform 'Android_DXTClient'
[2019.11.19-13.58.22:211][  0]LogTemp: Display: Module 'AndroidTargetPlatform' loaded TargetPlatform 'Android_ETC1Client'
[2019.11.19-13.58.22:211][  0]LogTemp: Display: Module 'AndroidTargetPlatform' loaded TargetPlatform 'Android_ETC1aClient'
[2019.11.19-13.58.22:211][  0]LogTemp: Display: Module 'AndroidTargetPlatform' loaded TargetPlatform 'Android_ETC2Client'
[2019.11.19-13.58.22:211][  0]LogTemp: Display: Module 'AndroidTargetPlatform' loaded TargetPlatform 'Android_PVRTCClient'
[2019.11.19-13.58.22:211][  0]LogTemp: Display: Module 'AndroidTargetPlatform' loaded TargetPlatform 'Android_Multi'
[2019.11.19-13.58.22:211][  0]LogTemp: Display: Module 'AndroidTargetPlatform' loaded TargetPlatform 'Android_MultiClient'
[2019.11.19-13.58.22:213][  0]LogTemp: Display: Module 'HTML5TargetPlatform' loaded TargetPlatform 'HTML5'
[2019.11.19-13.58.22:230][  0]LogTemp: Display: Module 'IOSTargetPlatform' loaded TargetPlatform 'IOSClient'
[2019.11.19-13.58.22:230][  0]LogTemp: Display: Module 'IOSTargetPlatform' loaded TargetPlatform 'IOS'
[2019.11.19-13.58.22:244][  0]LogTemp: Display: Module 'TVOSTargetPlatform' loaded TargetPlatform 'TVOSClient'
[2019.11.19-13.58.22:245][  0]LogTemp: Display: Module 'TVOSTargetPlatform' loaded TargetPlatform 'TVOS'
[2019.11.19-13.58.22:252][  0]LogTemp: Display: Module 'LinuxClientTargetPlatform' loaded TargetPlatform 'LinuxClient'
[2019.11.19-13.58.22:260][  0]LogTemp: Display: Module 'LinuxNoEditorTargetPlatform' loaded TargetPlatform 'LinuxNoEditor'
[2019.11.19-13.58.22:268][  0]LogTemp: Display: Module 'LinuxServerTargetPlatform' loaded TargetPlatform 'LinuxServer'
[2019.11.19-13.58.22:276][  0]LogTemp: Display: Module 'LinuxTargetPlatform' loaded TargetPlatform 'Linux'
[2019.11.19-13.58.22:304][  0]LogTemp: Display: Module 'LuminTargetPlatform' loaded TargetPlatform 'Lumin'
[2019.11.19-13.58.22:304][  0]LogTemp: Display: Module 'LuminTargetPlatform' loaded TargetPlatform 'LuminClient'
[2019.11.19-13.58.22:304][  0]LogTargetPlatformManager: Display: Building Assets For Windows
[2019.11.19-13.58.22:311][  0]LogAudioDebug: Display: Lib vorbis DLL was dynamically loaded.
[2019.11.19-13.58.22:361][  0]LogShaderCompilers: Guid format shader working directory is 23 characters bigger than the processId version (../../../../../CoopMode/Intermediate/Shaders/WorkingDirectory/1980/).
[2019.11.19-13.58.22:361][  0]LogShaderCompilers: Cleaned the shader compiler working directory 'C:/Users/nicif/AppData/Local/Temp/UnrealShaderWorkingDir/F874F2B54B4BCB7BDED7DF8EBF060298/'.
[2019.11.19-13.58.22:363][  0]LogXGEController: Cannot use XGE Controller as Incredibuild is not installed on this machine.
[2019.11.19-13.58.22:363][  0]LogShaderCompilers: Cannot use XGE Shader Compiler as Incredibuild is not installed on this machine.
[2019.11.19-13.58.22:363][  0]LogShaderCompilers: Display: Using Local Shader Compiler.
[2019.11.19-13.58.23:096][  0]LogDerivedDataCache: Display: Max Cache Size: 512 MB
[2019.11.19-13.58.23:179][  0]LogDerivedDataCache: Loaded boot cache 0.08s 73MB C:/Users/nicif/AppData/Local/UnrealEngine/4.23/DerivedDataCache/Boot.ddc.
[2019.11.19-13.58.23:179][  0]LogDerivedDataCache: Display: Loaded Boot cache: C:/Users/nicif/AppData/Local/UnrealEngine/4.23/DerivedDataCache/Boot.ddc
[2019.11.19-13.58.23:179][  0]LogDerivedDataCache: FDerivedDataBackendGraph:  Pak pak cache file ../../../../../CoopMode/DerivedDataCache/DDC.ddp not found, will not use a pak cache.
[2019.11.19-13.58.23:179][  0]LogDerivedDataCache: Unable to find inner node Pak for hierarchical cache Hierarchy.
[2019.11.19-13.58.23:179][  0]LogDerivedDataCache: FDerivedDataBackendGraph:  CompressedPak pak cache file ../../../../../CoopMode/DerivedDataCache/Compressed.ddp not found, will not use a pak cache.
[2019.11.19-13.58.23:179][  0]LogDerivedDataCache: Unable to find inner node CompressedPak for hierarchical cache Hierarchy.
[2019.11.19-13.58.23:195][  0]LogDerivedDataCache: Display: Pak cache opened for reading ../../../Engine/DerivedDataCache/Compressed.ddp.
[2019.11.19-13.58.23:195][  0]LogDerivedDataCache: FDerivedDataBackendGraph:  EnterprisePak pak cache file ../../../Enterprise/DerivedDataCache/Compressed.ddp not found, will not use a pak cache.
[2019.11.19-13.58.23:195][  0]LogDerivedDataCache: Unable to find inner node EnterprisePak for hierarchical cache Hierarchy.
[2019.11.19-13.58.23:196][  0]LogDerivedDataCache: Using Local data cache path C:/Users/nicif/AppData/Local/UnrealEngine/Common/DerivedDataCache: Writable
[2019.11.19-13.58.23:196][  0]LogDerivedDataCache: Shared data cache path not found in *engine.ini, will not use an Shared cache.
[2019.11.19-13.58.23:196][  0]LogDerivedDataCache: Unable to find inner node Shared for hierarchical cache Hierarchy.
[2019.11.19-13.58.23:221][  0]LogMaterial: Verifying Global Shaders for PCD3D_SM5
[2019.11.19-13.58.23:227][  0]LogSlate: Using FreeType 2.6.0
[2019.11.19-13.58.23:228][  0]LogSlate: SlateFontServices - WITH_FREETYPE: 1, WITH_HARFBUZZ: 1
[2019.11.19-13.58.23:293][  0]LogAssetRegistry: FAssetRegistry took 0.0025 seconds to start up
[2019.11.19-13.58.23:611][  0]LogInit: Selected Device Profile: [Windows]
[2019.11.19-13.58.23:792][  0]LogMeshReduction: Using QuadricMeshReduction for automatic static mesh reduction
[2019.11.19-13.58.23:792][  0]LogMeshReduction: Using SimplygonMeshReduction for automatic skeletal mesh reduction
[2019.11.19-13.58.23:792][  0]LogMeshReduction: Using ProxyLODMeshReduction for automatic mesh merging
[2019.11.19-13.58.23:792][  0]LogMeshReduction: No distributed automatic mesh merging module available
[2019.11.19-13.58.23:792][  0]LogMeshMerging: No distributed automatic mesh merging module available
[2019.11.19-13.58.23:807][  0]LogNetVersion: CoopMode 1.0.0, NetCL: 8386587, EngineNetVer: 11, GameNetVer: 0 (Checksum: 2360660315)
[2019.11.19-13.58.24:310][  0]LogPackageLocalizationCache: Processed 13 localized package path(s) for 1 prioritized culture(s) in 0.066525 seconds
[2019.11.19-13.58.24:319][  0]LogUObjectArray: 43444 objects as part of root set at end of initial load.
[2019.11.19-13.58.24:319][  0]LogUObjectAllocator: 7548648 out of 0 bytes used by permanent object pool.
[2019.11.19-13.58.24:319][  0]LogUObjectArray: CloseDisregardForGC: 0/0 objects in disregard for GC pool
[2019.11.19-13.58.25:325][  0]LogTcpMessaging: Initializing TcpMessaging bridge
[2019.11.19-13.58.25:328][  0]LogUdpMessaging: Initializing bridge on interface 0.0.0.0:0 to multicast group 230.0.0.1:6666.
[2019.11.19-13.58.25:467][  0]SourceControl: Source control is disabled
[2019.11.19-13.58.25:467][  0]SourceControl: Source control is disabled
[2019.11.19-13.58.25:468][  0]SourceControl: Source control is disabled
[2019.11.19-13.58.25:470][  0]SourceControl: Source control is disabled
[2019.11.19-13.58.25:654][  0]LogOnline: Display: STEAM: Loading Steam SDK 1.42
[2019.11.19-13.58.25:746][  0]LogAndroidPermission: UAndroidPermissionCallbackProxy::GetInstance
[2019.11.19-13.58.25:975][  0]LogOcInput: OculusInput pre-init called
[2019.11.19-13.58.25:982][  0]LogWindows: Failed to load 'OVRPlugin.dll' (GetLastError=126)
[2019.11.19-13.58.25:982][  0]LogWindows: File 'OVRPlugin.dll' does not exist
[2019.11.19-13.58.26:060][  0]LogEngine: Initializing Engine...
[2019.11.19-13.58.26:061][  0]LogHMD: Failed to initialize OpenVR with code 110
[2019.11.19-13.58.26:063][  0]LogStats: UGameplayTagsManager::InitializeManager -  0.000 s
[2019.11.19-13.58.26:328][  0]LogInit: Initializing FReadOnlyCVARCache
[2019.11.19-13.58.26:340][  0]LogAIModule: Creating AISystem for world Untitled
[2019.11.19-13.58.26:384][  0]LogInit: XAudio2 using 'Kopfhörer (Astro A50 Game)' : 6 channels at 48 kHz using 16 bits per sample (channel mask 0x60f)
[2019.11.19-13.58.26:403][  0]LogInit: FAudioDevice initialized.
[2019.11.19-13.58.26:403][  0]LogNetVersion: Set ProjectVersion to 1.0.0.0. Version Checksum will be recalculated on next use.
[2019.11.19-13.58.26:679][  0]LogDerivedDataCache: Saved boot cache 0.28s 73MB C:/Users/nicif/AppData/Local/UnrealEngine/4.23/DerivedDataCache/Boot.ddc.
[2019.11.19-13.58.26:686][  0]LogInit: Texture streaming: Enabled
[2019.11.19-13.58.26:706][  0]LogEngineSessionManager: EngineSessionManager initialized
[2019.11.19-13.58.26:706][  0]LogEditorSessionSummary: Verbose: Initializing EditorSessionSummaryWriter for editor session tracking
[2019.11.19-13.58.26:720][  0]LogEditorSessionSummary: EditorSessionSummaryWriter initialized
[2019.11.19-13.58.26:773][  0]LogInit: Transaction tracking system initialized
[2019.11.19-13.58.26:799][  0]BlueprintLog: New page: Editor Load
[2019.11.19-13.58.26:872][  0]LocalizationService: Localization service is disabled
[2019.11.19-13.58.27:109][  0]LogFileCache: Scanning file cache for directory 'D:/CoopMode/Content/' took 0.00s
[2019.11.19-13.58.27:109][  0]LogCook: Display: Max memory allowance for cook 16384mb min free memory 0mb
[2019.11.19-13.58.27:109][  0]LogCook: Display: Mobile HDR setting 1
[2019.11.19-13.58.27:282][  0]SourceControl: Source control is disabled
[2019.11.19-13.58.27:283][  0]Cmd: MAP LOAD FILE="../../../../../CoopMode/Content/ThirdPersonBP/Maps/ThirdPersonExampleMap.umap" TEMPLATE=0 SHOWPROGRESS=1 FEATURELEVEL=3
[2019.11.19-13.58.27:283][  0]LightingResults: New page: Lighting Build
[2019.11.19-13.58.27:285][  0]LogWorld: UWorld::CleanupWorld for Untitled, bSessionEnded=true, bCleanupResources=true
[2019.11.19-13.58.27:285][  0]MapCheck: New page: Map Check
[2019.11.19-13.58.27:285][  0]LightingResults: New page: Lighting Build
[2019.11.19-13.58.27:317][  0]LogUObjectHash: Compacting FUObjectHashTables data took   1.81ms
[2019.11.19-13.58.27:607][  0]LogAIModule: Creating AISystem for world ThirdPersonExampleMap
[2019.11.19-13.58.27:634][  0]LogEditorServer: Finished looking for orphan Actors (0.000 secs)
[2019.11.19-13.58.27:665][  0]LogUObjectHash: Compacting FUObjectHashTables data took   2.95ms
[2019.11.19-13.58.27:665][  0]Cmd: MAP CHECKDEP NOCLEARLOG
[2019.11.19-13.58.27:665][  0]MapCheck: Map check complete: 0 Error(s), 0 Warning(s), took 0,101ms to complete.
[2019.11.19-13.58.27:665][  0]LogFileHelpers: Loading map 'ThirdPersonExampleMap' took 0.383
[2019.11.19-13.58.27:795][  0]LogSlate: Updating window title bar state: overlay mode, drag disabled, window buttons hidden, title bar hidden
[2019.11.19-13.58.27:804][  0]LogSlate: Updating window title bar state: overlay mode, drag disabled, window buttons hidden, title bar hidden
[2019.11.19-13.58.27:814][  0]LogSlate: Updating window title bar state: overlay mode, drag disabled, window buttons hidden, title bar hidden
[2019.11.19-13.58.27:827][  0]LogSlate: Updating window title bar state: overlay mode, drag disabled, window buttons hidden, title bar hidden
[2019.11.19-13.58.27:833][  0]LogCollectionManager: Loaded 0 collections in 0.001202 seconds
[2019.11.19-13.58.27:839][  0]LogFileCache: Scanning file cache for directory 'D:/CoopMode/Saved/Collections/' took 0.00s
[2019.11.19-13.58.27:839][  0]LogFileCache: Scanning file cache for directory 'D:/CoopMode/Content/Developers/nicif/Collections/' took 0.00s
[2019.11.19-13.58.27:839][  0]LogFileCache: Scanning file cache for directory 'D:/CoopMode/Content/Collections/' took 0.00s
[2019.11.19-13.58.27:839][  0]LogCollectionManager: Rebuilt the GUID cache for 0 collections in 0.000001 seconds
[2019.11.19-13.58.27:848][  0]LogContentBrowser: Native class hierarchy populated in 0.0093 seconds. Added 2899 classes and 707 folders.
[2019.11.19-13.58.27:854][  0]LogContentBrowser: Native class hierarchy updated for 'WidgetCarousel' in 0.0003 seconds. Added 0 classes and 0 folders.
[2019.11.19-13.58.27:887][  0]LogContentBrowser: Native class hierarchy updated for 'AddContentDialog' in 0.0002 seconds. Added 0 classes and 0 folders.
[2019.11.19-13.58.27:893][  0]LogContentBrowser: Native class hierarchy updated for 'SceneOutliner' in 0.0002 seconds. Added 1 classes and 2 folders.
[2019.11.19-13.58.27:995][  0]LogSlate: Took 0.000141 seconds to synchronously load lazily loaded font '../../../Engine/Content/Slate/Fonts/Roboto-Regular.ttf' (155K)
[2019.11.19-13.58.27:996][  0]LogSlate: Took 0.000127 seconds to synchronously load lazily loaded font '../../../Engine/Content/Slate/Fonts/Roboto-Bold.ttf' (160K)
[2019.11.19-13.58.28:001][  0]LogSlate: Took 0.000159 seconds to synchronously load lazily loaded font '../../../Engine/Content/Editor/Slate/Fonts/FontAwesome.ttf' (139K)
[2019.11.19-13.58.28:075][  0]LogRenderer: Reallocating scene render targets to support 1208x600 Format 10 NumSamples 1 (Frame:1).
[2019.11.19-13.58.28:214][  0]LogContentBrowser: Native class hierarchy updated for 'HierarchicalLODOutliner' in 0.0002 seconds. Added 0 classes and 0 folders.
[2019.11.19-13.58.28:214][  0]LogLoad: (Engine Initialization) Total time: 7.82 seconds
[2019.11.19-13.58.28:215][  0]LogLoad: (Engine Initialization) Total Blueprint compile time: 0.00 seconds
[2019.11.19-13.58.28:269][  0]LogAssetRegistry: Asset discovery search completed in 4.9768 seconds
[2019.11.19-13.58.28:274][  0]LogCollectionManager: Rebuilt the object cache for 0 collections in 0.000008 seconds (found 0 objects)
[2019.11.19-13.58.28:274][  0]LogCollectionManager: Fixed up redirectors for 0 collections in 0.000108 seconds (updated 0 objects)
[2019.11.19-13.58.28:275][  0]LogContentStreaming: Texture pool size now 600 MB
[2019.11.19-13.58.28:286][  0]LogSlate: Took 0.000219 seconds to synchronously load lazily loaded font '../../../Engine/Content/Slate/Fonts/Roboto-Light.ttf' (167K)
[2019.11.19-13.58.28:298][  0]LogSlate: Took 0.000119 seconds to synchronously load lazily loaded font '../../../Engine/Content/Slate/Fonts/Roboto-Light.ttf' (167K)
[2019.11.19-13.58.34:566][113]LogSlate: FSceneViewport::OnFocusLost() reason 0
[2019.11.19-13.58.34:634][114]LogSlate: Window 'Plugins' being destroyed
[2019.11.19-13.58.34:644][114]LogSlate: Window 'Plugins' being destroyed
[2019.11.19-13.58.34:644][114]LogDirectoryWatcher: A directory notification for '../../../Engine/Plugins/' was aborted.
[2019.11.19-13.58.34:644][114]LogDirectoryWatcher: A directory notification for '../../../../../CoopMode/Plugins/' was aborted.
[2019.11.19-13.58.39:448][575]LogSlate: FSceneViewport::OnFocusLost() reason 0
[2019.11.19-14.01.41:257][391]LogSlate: FSceneViewport::OnFocusLost() reason 2
[2019.11.19-14.01.42:114][492]LogSlate: FSceneViewport::OnFocusLost() reason 5
[2019.11.19-14.01.44:192][492]LogSlate: Only BGRA pngs, bmps or icos are supported in by External Image Picker
[2019.11.19-14.01.59:124][562]LogMaterial: Display: Missing cached shader map for material M_MonitorScreen, compiling. 
[2019.11.19-14.01.59:220][562]LogShaderCompilers: Display: Worker (1/3): shaders left to compile 16
[2019.11.19-14.01.59:220][562]LogShaderCompilers: Display: Worker (2/3): shaders left to compile 10
[2019.11.19-14.01.59:220][562]LogShaderCompilers: Display: Worker (3/3): shaders left to compile 4
[2019.11.19-14.01.59:220][562]LogMaterial: Display: Missing cached shader map for material M_ConcertClientPresence, compiling. 
[2019.11.19-14.01.59:282][562]LogStaticMesh: Building static mesh MonitorMesh...
[2019.11.19-14.01.59:542][562]LogStaticMesh: Built static mesh [0.26s] /ConcertSyncClient/MonitorMesh.MonitorMesh
[2019.11.19-14.01.59:550][562]LogMaterial: Display: Missing cached shader map for material M_UE4Head_Body, compiling. 
[2019.11.19-14.01.59:588][562]LogStaticMesh: Building static mesh HeadMesh...
[2019.11.19-14.01.59:594][562]LogSlate: FSceneViewport::OnFocusLost() reason 5
[2019.11.19-14.01.59:658][562]LogStaticMesh: Built static mesh [0.07s] /ConcertSyncClient/HeadMesh.HeadMesh
[2019.11.19-14.01.59:700][562]LogMaterial: Display: Missing cached shader map for material M_UE4Head_Desktop, compiling. 
[2019.11.19-14.01.59:726][562]LogMaterial: Display: Missing cached shader map for material M_ConcertClientPresence-Desktop, compiling. 
[2019.11.19-14.01.59:823][562]LogStaticMesh: Building static mesh SM_Hand-Lft-Mesh...
[2019.11.19-14.01.59:831][562]LogSlate: FSceneViewport::OnFocusLost() reason 5
[2019.11.19-14.01.59:833][562]LogSlate: Warning: Slate: Had to block on waiting for a draw buffer
[2019.11.19-14.01.59:942][562]LogStaticMesh: Built static mesh [0.13s] /ConcertSyncClient/SM_Hand-Lft-Mesh.SM_Hand-Lft-Mesh
[2019.11.19-14.01.59:964][562]LogStaticMesh: Building static mesh SM_GenericHMD...
[2019.11.19-14.01.59:970][562]LogSlate: FSceneViewport::OnFocusLost() reason 5
[2019.11.19-14.02.00:061][562]LogStaticMesh: Built static mesh [0.10s] /ConcertSyncClient/SM_GenericHMD.SM_GenericHMD
[2019.11.19-14.02.07:229][258]LogSlate: FSceneViewport::OnFocusLost() reason 0
[2019.11.19-14.02.07:911][326]LogShaderCompilers: Display: Worker (3/3): shaders left to compile 157
[2019.11.19-14.02.08:627][395]LogShaderCompilers: Display: Worker (1/3): shaders left to compile 147
[2019.11.19-14.02.08:943][428]LogShaderCompilers: Display: Worker (2/3): shaders left to compile 137
[2019.11.19-14.02.16:743][ 72]LogShaderCompilers: Display: Worker (2/3): shaders left to compile 127
[2019.11.19-14.02.16:744][ 72]LogShaderCompilers: Display: Worker (3/3): shaders left to compile 117
[2019.11.19-14.02.18:762][ 73]LogShaderCompilers: Display: Worker (1/3): shaders left to compile 107
[2019.11.19-14.02.18:762][ 73]LogShaderCompilers: Display: Worker (3/3): shaders left to compile 97
[2019.11.19-14.02.18:863][ 74]LogShaderCompilers: Display: Worker (2/3): shaders left to compile 87
[2019.11.19-14.02.24:063][ 75]LogShaderCompilers: Display: Worker (2/3): shaders left to compile 77
[2019.11.19-14.02.24:063][ 75]LogShaderCompilers: Display: Worker (3/3): shaders left to compile 67
[2019.11.19-14.02.24:063][ 75]LogShaderCompilers: Display: Worker (1/3): shaders left to compile 57
[2019.11.19-14.02.24:063][ 75]LogShaderCompilers: Display: Worker (2/3): shaders left to compile 47
[2019.11.19-14.02.25:403][ 76]LogShaderCompilers: Display: Worker (3/3): shaders left to compile 37
[2019.11.19-14.02.29:622][ 77]LogShaderCompilers: Display: Worker (2/3): shaders left to compile 27
[2019.11.19-14.02.29:622][ 77]LogShaderCompilers: Display: Worker (1/3): shaders left to compile 17
[2019.11.19-14.02.29:623][ 77]LogShaderCompilers: Display: Worker (3/3): shaders left to compile 11
[2019.11.19-14.02.29:623][ 77]LogShaderCompilers: Display: Worker (2/3): shaders left to compile 7
[2019.11.19-14.02.29:623][ 77]LogShaderCompilers: Display: Worker (3/3): shaders left to compile 4
[2019.11.19-14.02.29:852][ 78]LogShaderCompilers: Display: Worker (1/3): shaders left to compile 2
[2019.11.19-14.02.29:852][ 78]LogShaderCompilers: Display: Worker (2/3): shaders left to compile 1
[2019.11.19-14.02.43:197][528]LogSlate: Window 'Color Picker' being destroyed
[2019.11.19-14.02.51:564][986]Cmd: CLOSE_SLATE_MAINFRAME
[2019.11.19-14.02.51:591][986]LogUObjectHash: Compacting FUObjectHashTables data took   2.96ms
[2019.11.19-14.02.51:673][986]LogSlate: Window 'Project Settings' being destroyed
[2019.11.19-14.02.51:782][986]LogSlate: Window 'CoopMode - Unreal Editor' being destroyed
[2019.11.19-14.02.51:911][987]Cmd: QUIT_EDITOR
[2019.11.19-14.02.51:971][987]LogWindowsTextInputMethodSystem: Display: IME system now deactivated.
[2019.11.19-14.02.51:979][987]LogExit: Preparing to exit.
[2019.11.19-14.02.53:495][987]LogWorld: UWorld::CleanupWorld for World_0, bSessionEnded=true, bCleanupResources=true
[2019.11.19-14.02.53:505][987]LogDemo: Cleaned up 0 splitscreen connections with owner deletion
[2019.11.19-14.02.53:514][987]LogWorld: UWorld::CleanupWorld for None, bSessionEnded=true, bCleanupResources=true
[2019.11.19-14.02.53:515][987]LogExit: Editor shut down
[2019.11.19-14.02.53:515][987]LogExit: Transaction tracking system shut down
[2019.11.19-14.02.53:826][987]LogExit: Object subsystem successfully closed.
[2019.11.19-14.02.53:840][987]LogShaderCompilers: Display: Shaders left to compile 0
[2019.11.19-14.02.53:879][987]LogModuleManager: Shutting down and abandoning module MeshBuilder (694)
[2019.11.19-14.02.53:879][987]LogModuleManager: Shutting down and abandoning module ExternalImagePicker (692)
[2019.11.19-14.02.53:879][987]LogModuleManager: Shutting down and abandoning module HierarchicalLODOutliner (690)
[2019.11.19-14.02.53:879][987]LogModuleManager: Shutting down and abandoning module SceneOutliner (688)
[2019.11.19-14.02.53:879][987]LogModuleManager: Shutting down and abandoning module AddContentDialog (686)
[2019.11.19-14.02.53:879][987]LogModuleManager: Shutting down and abandoning module WidgetCarousel (685)
[2019.11.19-14.02.53:879][987]LogModuleManager: Shutting down and abandoning module EditorWidgets (682)
[2019.11.19-14.02.53:879][987]LogModuleManager: Shutting down and abandoning module CollectionManager (680)
[2019.11.19-14.02.53:879][987]LogModuleManager: Shutting down and abandoning module StatsViewer (678)
[2019.11.19-14.02.53:879][987]LogModuleManager: Shutting down and abandoning module VirtualTexturingEditor (676)
[2019.11.19-14.02.53:879][987]LogModuleManager: Shutting down and abandoning module FoliageEdit (674)
[2019.11.19-14.02.53:880][987]LogModuleManager: Shutting down and abandoning module LandscapeEditor (672)
[2019.11.19-14.02.53:880][987]LogModuleManager: Shutting down and abandoning module MeshPaintMode (670)
[2019.11.19-14.02.53:880][987]LogModuleManager: Shutting down and abandoning module SceneDepthPickerMode (668)
[2019.11.19-14.02.53:880][987]LogModuleManager: Shutting down and abandoning module ActorPickerMode (666)
[2019.11.19-14.02.53:880][987]LogModuleManager: Shutting down and abandoning module GeometryMode (664)
[2019.11.19-14.02.53:880][987]LogModuleManager: Shutting down and abandoning module TextureAlignMode (662)
[2019.11.19-14.02.53:880][987]LogModuleManager: Shutting down and abandoning module BspMode (660)
[2019.11.19-14.02.53:880][987]LogModuleManager: Shutting down and abandoning module PIEPreviewDeviceProfileSelector (658)
[2019.11.19-14.02.53:880][987]LogModuleManager: Shutting down and abandoning module SequenceRecorderSections (656)
[2019.11.19-14.02.53:880][987]LogModuleManager: Shutting down and abandoning module AutomationWorker (654)
[2019.11.19-14.02.53:880][987]LogModuleManager: Shutting down and abandoning module OculusMR (652)
[2019.11.19-14.02.53:880][987]LogModuleManager: Shutting down and abandoning module AudioCaptureEditor (650)
[2019.11.19-14.02.53:880][987]LogModuleManager: Shutting down and abandoning module MatineeToLevelSequence (648)
[2019.11.19-14.02.53:880][987]LogModuleManager: Shutting down and abandoning module LevelSequenceEditor (646)
[2019.11.19-14.02.53:880][987]LogModuleManager: Shutting down and abandoning module PlacementMode (645)
[2019.11.19-14.02.53:880][987]LogModuleManager: Shutting down and abandoning module MaterialEditor (644)
[2019.11.19-14.02.53:880][987]LogModuleManager: Shutting down and abandoning module ActorSequenceEditor (640)
[2019.11.19-14.02.53:880][987]LogModuleManager: Shutting down and abandoning module WmfMediaFactory (638)
[2019.11.19-14.02.53:880][987]LogModuleManager: Shutting down and abandoning module WmfMediaEditor (636)
[2019.11.19-14.02.53:880][987]LogModuleManager: Shutting down and abandoning module WebMMediaFactory (634)
[2019.11.19-14.02.53:880][987]LogModuleManager: Shutting down and abandoning module WebMMediaEditor (632)
[2019.11.19-14.02.53:880][987]LogModuleManager: Shutting down and abandoning module WebMMedia (630)
[2019.11.19-14.02.53:880][987]LogModuleManager: Shutting down and abandoning module MediaPlayerEditor (628)
[2019.11.19-14.02.53:880][987]LogModuleManager: Shutting down and abandoning module MediaCompositingEditor (626)
[2019.11.19-14.02.53:880][987]LogModuleManager: Shutting down and abandoning module SequenceRecorder (625)
[2019.11.19-14.02.53:880][987]LogModuleManager: Shutting down and abandoning module OpenExrWrapper (622)
[2019.11.19-14.02.53:880][987]LogModuleManager: Shutting down and abandoning module ImgMediaFactory (620)
[2019.11.19-14.02.53:880][987]LogModuleManager: Shutting down and abandoning module ImgMediaEditor (618)
[2019.11.19-14.02.53:880][987]LogModuleManager: Shutting down and abandoning module AvfMediaFactory (616)
[2019.11.19-14.02.53:880][987]LogModuleManager: Shutting down and abandoning module AvfMediaEditor (614)
[2019.11.19-14.02.53:880][987]LogModuleManager: Shutting down and abandoning module AndroidMediaFactory (612)
[2019.11.19-14.02.53:880][987]LogModuleManager: Shutting down and abandoning module AndroidMediaEditor (610)
[2019.11.19-14.02.53:880][987]LogModuleManager: Shutting down and abandoning module MagicLeapCameraPreviewFactory (608)
[2019.11.19-14.02.53:880][987]LogModuleManager: Shutting down and abandoning module MagicLeapMediaCodecFactory (606)
[2019.11.19-14.02.53:880][987]LogModuleManager: Shutting down and abandoning module MagicLeapMediaFactory (604)
[2019.11.19-14.02.53:880][987]LogModuleManager: Shutting down and abandoning module MagicLeapMediaEditor (602)
[2019.11.19-14.02.53:881][987]LogModuleManager: Shutting down and abandoning module CharacterAI (600)
[2019.11.19-14.02.53:881][987]LogModuleManager: Shutting down and abandoning module SmartSnapping (598)
[2019.11.19-14.02.53:881][987]LogModuleManager: Shutting down and abandoning module SessionServices (596)
[2019.11.19-14.02.53:881][987]LogModuleManager: Shutting down and abandoning module MeshPaint (594)
[2019.11.19-14.02.53:881][987]LogModuleManager: Shutting down and abandoning module ViewportSnapping (592)
[2019.11.19-14.02.53:881][987]LogModuleManager: Shutting down and abandoning module ViewportInteraction (590)
[2019.11.19-14.02.53:881][987]LogModuleManager: Shutting down and abandoning module ClothPainter (588)
[2019.11.19-14.02.53:881][987]LogModuleManager: Shutting down and abandoning module SkeletalMeshEditor (587)
[2019.11.19-14.02.53:881][987]LogModuleManager: Shutting down and abandoning module LogVisualizer (584)
[2019.11.19-14.02.53:881][987]LogModuleManager: Shutting down and abandoning module IntroTutorials (582)
[2019.11.19-14.02.53:881][987]LogModuleManager: Shutting down and abandoning module GameProjectGeneration (581)
[2019.11.19-14.02.53:881][987]LogModuleManager: Shutting down and abandoning module LuminPlatformEditor (578)
[2019.11.19-14.02.53:881][987]LogModuleManager: Shutting down and abandoning module IOSPlatformEditor (576)
[2019.11.19-14.02.53:881][987]LogModuleManager: Shutting down and abandoning module HTML5PlatformEditor (574)
[2019.11.19-14.02.53:881][987]LogModuleManager: Shutting down and abandoning module AndroidPlatformEditor (572)
[2019.11.19-14.02.53:881][987]LogModuleManager: Shutting down and abandoning module AndroidDeviceDetection (571)
[2019.11.19-14.02.55:241][987]LogModuleManager: Shutting down and abandoning module WindowsPlatformEditor (568)
[2019.11.19-14.02.55:241][987]LogModuleManager: Shutting down and abandoning module LuminRuntimeSettings (566)
[2019.11.19-14.02.55:241][987]LogModuleManager: Shutting down and abandoning module IOSRuntimeSettings (564)
[2019.11.19-14.02.55:241][987]LogModuleManager: Shutting down and abandoning module AndroidRuntimeSettings (562)
[2019.11.19-14.02.55:241][987]LogModuleManager: Shutting down and abandoning module TimeManagementEditor (560)
[2019.11.19-14.02.55:241][987]LogModuleManager: Shutting down and abandoning module InputBindingEditor (558)
[2019.11.19-14.02.55:241][987]LogModuleManager: Shutting down and abandoning module MergeActors (556)
[2019.11.19-14.02.55:241][987]LogModuleManager: Shutting down and abandoning module LocalizationDashboard (554)
[2019.11.19-14.02.55:242][987]LogModuleManager: Shutting down and abandoning module LocalizationService (553)
[2019.11.19-14.02.55:242][987]LogModuleManager: Shutting down and abandoning module HardwareTargeting (550)
[2019.11.19-14.02.55:242][987]LogModuleManager: Shutting down and abandoning module DeviceProfileEditor (548)
[2019.11.19-14.02.55:242][987]LogModuleManager: Shutting down and abandoning module UndoHistory (546)
[2019.11.19-14.02.55:242][987]LogModuleManager: Shutting down and abandoning module XmlParser (544)
[2019.11.19-14.02.55:242][987]LogModuleManager: Shutting down and abandoning module Blutility (542)
[2019.11.19-14.02.55:242][987]LogModuleManager: Shutting down and abandoning module ProjectSettingsViewer (540)
[2019.11.19-14.02.55:242][987]LogModuleManager: Shutting down and abandoning module ProjectTargetPlatformEditor (539)
[2019.11.19-14.02.55:242][987]LogModuleManager: Shutting down and abandoning module EditorSettingsViewer (536)
[2019.11.19-14.02.55:242][987]LogModuleManager: Shutting down and abandoning module SettingsEditor (534)
[2019.11.19-14.02.55:242][987]LogModuleManager: Shutting down and abandoning module ProjectLauncher (532)
[2019.11.19-14.02.55:242][987]LogModuleManager: Shutting down and abandoning module SessionFrontend (530)
[2019.11.19-14.02.55:242][987]LogModuleManager: Shutting down and abandoning module ProfilerClient (528)
[2019.11.19-14.02.55:242][987]LogModuleManager: Shutting down and abandoning module DeviceManager (526)
[2019.11.19-14.02.55:242][987]LogModuleManager: Shutting down and abandoning module TargetDeviceServices (525)
[2019.11.19-14.02.55:275][987]LogModuleManager: Shutting down and abandoning module AutomationController (522)
[2019.11.19-14.02.55:275][987]LogModuleManager: Shutting down and abandoning module AutomationWindow (520)
[2019.11.19-14.02.55:275][987]LogModuleManager: Shutting down and abandoning module Layers (518)
[2019.11.19-14.02.55:275][987]LogModuleManager: Shutting down and abandoning module ComponentVisualizers (516)
[2019.11.19-14.02.55:275][987]LogModuleManager: Shutting down and abandoning module DetailCustomizations (514)
[2019.11.19-14.02.55:275][987]LogModuleManager: Shutting down and abandoning module PackagesDialog (512)
[2019.11.19-14.02.55:275][987]LogModuleManager: Shutting down and abandoning module AnimationBlueprintEditor (510)
[2019.11.19-14.02.55:275][987]LogModuleManager: Shutting down and abandoning module Persona (508)
[2019.11.19-14.02.55:275][987]LogModuleManager: Shutting down and abandoning module AdvancedPreviewScene (507)
[2019.11.19-14.02.55:275][987]LogModuleManager: Shutting down and abandoning module AnimGraph (505)
[2019.11.19-14.02.55:275][987]LogModuleManager: Shutting down and abandoning module Kismet (502)
[2019.11.19-14.02.55:275][987]LogModuleManager: Shutting down and abandoning module KismetWidgets (501)
[2019.11.19-14.02.55:275][987]LogModuleManager: Shutting down and abandoning module GraphEditor (498)
[2019.11.19-14.02.55:275][987]LogModuleManager: Shutting down and abandoning module StructViewer (496)
[2019.11.19-14.02.55:275][987]LogModuleManager: Shutting down and abandoning module ClassViewer (494)
[2019.11.19-14.02.55:275][987]LogModuleManager: Shutting down and abandoning module Toolbox (492)
[2019.11.19-14.02.55:275][987]LogModuleManager: Shutting down and abandoning module ModuleUI (490)
[2019.11.19-14.02.55:275][987]LogModuleManager: Shutting down and abandoning module MovieSceneTools (488)
[2019.11.19-14.02.55:275][987]LogModuleManager: Shutting down and abandoning module OutputLog (486)
[2019.11.19-14.02.55:276][987]LogModuleManager: Shutting down and abandoning module GammaUI (484)
[2019.11.19-14.02.55:276][987]LogModuleManager: Shutting down and abandoning module Documentation (482)
[2019.11.19-14.02.55:276][987]LogModuleManager: Shutting down and abandoning module LiveCoding (480)
[2019.11.19-14.02.55:276][987]LogModuleManager: Shutting down and abandoning module LevelSequence (478)
[2019.11.19-14.02.55:276][987]LogModuleManager: Shutting down and abandoning module MovieSceneTracks (476)
[2019.11.19-14.02.55:276][987]LogModuleManager: Shutting down and abandoning module MovieScene (474)
[2019.11.19-14.02.55:276][987]LogModuleManager: Shutting down and abandoning module StreamingPauseRendering (472)
[2019.11.19-14.02.55:276][987]LogModuleManager: Shutting down and abandoning module LauncherPlatform (470)
[2019.11.19-14.02.55:276][987]LogModuleManager: Shutting down and abandoning module AnalyticsET (468)
[2019.11.19-14.02.55:276][987]LogModuleManager: Shutting down and abandoning module PortalServices (466)
[2019.11.19-14.02.55:276][987]LogModuleManager: Shutting down and abandoning module PortalRpc (464)
[2019.11.19-14.02.55:276][987]LogModuleManager: Shutting down and abandoning module MessagingRpc (462)
[2019.11.19-14.02.55:276][987]LogModuleManager: Shutting down and abandoning module AIModule (460)
[2019.11.19-14.02.55:276][987]LogModuleManager: Shutting down and abandoning module GameplayDebugger (459)
[2019.11.19-14.02.55:276][987]LogModuleManager: Shutting down and abandoning module AITestSuite (457)
[2019.11.19-14.02.55:276][987]LogModuleManager: Shutting down and abandoning module NavigationSystem (455)
[2019.11.19-14.02.55:276][987]LogModuleManager: Shutting down and abandoning module DesktopPlatform (452)
[2019.11.19-14.02.55:276][987]LogModuleManager: Shutting down and abandoning module ImageWriteQueue (450)
[2019.11.19-14.02.55:280][987]LogModuleManager: Shutting down and abandoning module ProfilerService (448)
[2019.11.19-14.02.55:511][987]LogModuleManager: Shutting down and abandoning module TaskGraph (446)
[2019.11.19-14.02.55:511][987]LogModuleManager: Shutting down and abandoning module ScreenshotTools (444)
[2019.11.19-14.02.55:511][987]LogModuleManager: Shutting down and abandoning module SteamVRController (442)
[2019.11.19-14.02.55:511][987]LogModuleManager: Shutting down and abandoning module ProceduralMeshComponentEditor (440)
[2019.11.19-14.02.55:511][987]LogModuleManager: Shutting down and abandoning module ProceduralMeshComponent (438)
[2019.11.19-14.02.55:511][987]LogModuleManager: Shutting down and abandoning module OculusEditor (436)
[2019.11.19-14.02.55:511][987]LogModuleManager: Shutting down and abandoning module OculusInput (434)
[2019.11.19-14.02.55:511][987]LogModuleManager: Shutting down and abandoning module MobilePatchingUtils (432)
[2019.11.19-14.02.55:511][987]LogModuleManager: Shutting down and abandoning module EditableMesh (430)
[2019.11.19-14.02.55:511][987]LogModuleManager: Shutting down and abandoning module CustomMeshComponent (428)
[2019.11.19-14.02.55:511][987]LogModuleManager: Shutting down and abandoning module CableComponent (426)
[2019.11.19-14.02.55:511][987]LogModuleManager: Shutting down and abandoning module AudioCapture (424)
[2019.11.19-14.02.55:511][987]LogModuleManager: Shutting down and abandoning module ArchVisCharacter (422)
[2019.11.19-14.02.55:511][987]LogModuleManager: Shutting down and abandoning module AppleImageUtilsBlueprintSupport (420)
[2019.11.19-14.02.55:511][987]LogModuleManager: Shutting down and abandoning module AppleImageUtils (418)
[2019.11.19-14.02.55:511][987]LogModuleManager: Shutting down and abandoning module AndroidPermission (416)
[2019.11.19-14.02.55:511][987]LogModuleManager: Shutting down and abandoning module NUTUnrealEngine4 (412)
[2019.11.19-14.02.55:511][987]LogModuleManager: Shutting down and abandoning module NetcodeUnitTest (410)
[2019.11.19-14.02.55:511][987]LogModuleManager: Shutting down and abandoning module MediaCompositing (408)
[2019.11.19-14.02.55:511][987]LogModuleManager: Shutting down and abandoning module ImgMedia (406)
[2019.11.19-14.02.55:511][987]LogModuleManager: Shutting down and abandoning module MagicLeapHelperVulkan (404)
[2019.11.19-14.02.55:511][987]LogModuleManager: Shutting down and abandoning module MagicLeapHelperOpenGL (402)
[2019.11.19-14.02.55:511][987]LogModuleManager: Shutting down and abandoning module MagicLeapAudio (400)
[2019.11.19-14.02.55:511][987]LogModuleManager: Shutting down and abandoning module HTML5Networking (398)
[2019.11.19-14.02.55:511][987]LogModuleManager: Shutting down and abandoning module GeometryCacheTracks (396)
[2019.11.19-14.02.55:511][987]LogModuleManager: Shutting down and abandoning module GeometryCacheSequencer (394)
[2019.11.19-14.02.55:511][987]LogModuleManager: Shutting down and abandoning module BackChannel (392)
[2019.11.19-14.02.55:511][987]LogModuleManager: Shutting down and abandoning module AutomationUtilsEditor (390)
[2019.11.19-14.02.55:511][987]LogModuleManager: Shutting down and abandoning module AutomationUtils (388)
[2019.11.19-14.02.55:511][987]LogModuleManager: Shutting down and abandoning module AlembicImporter (386)
[2019.11.19-14.02.55:511][987]LogModuleManager: Shutting down and abandoning module AlembicLibrary (385)
[2019.11.19-14.02.55:511][987]LogModuleManager: Shutting down and abandoning module GeometryCache (384)
[2019.11.19-14.02.55:511][987]LogModuleManager: Shutting down and abandoning module GeometryCacheEd (383)
[2019.11.19-14.02.55:512][987]LogModuleManager: Shutting down and abandoning module VariantManagerContent (378)
[2019.11.19-14.02.55:512][987]LogModuleManager: Shutting down and abandoning module DatasmithContentEditor (376)
[2019.11.19-14.02.55:512][987]LogModuleManager: Shutting down and abandoning module SpeedTreeImporter (374)
[2019.11.19-14.02.55:512][987]LogModuleManager: Shutting down and abandoning module PluginBrowser (372)
[2019.11.19-14.02.55:512][987]LogModuleManager: Shutting down and abandoning module MobileLauncherProfileWizard (370)
[2019.11.19-14.02.55:512][987]LogModuleManager: Shutting down and abandoning module MaterialAnalyzer (368)
[2019.11.19-14.02.55:512][987]LogModuleManager: Shutting down and abandoning module CurveEditorTools (366)
[2019.11.19-14.02.55:512][987]LogModuleManager: Shutting down and abandoning module CurveEditor (365)
[2019.11.19-14.02.55:512][987]LogModuleManager: Shutting down and abandoning module CryptoKeysOpenSSL (362)
[2019.11.19-14.02.55:512][987]LogModuleManager: Shutting down and abandoning module CryptoKeys (360)
[2019.11.19-14.02.55:512][987]LogModuleManager: Shutting down and abandoning module VisualStudioSourceCodeAccess (358)
[2019.11.19-14.02.55:512][987]LogModuleManager: Shutting down and abandoning module VisualStudioCodeSourceCodeAccess (356)
[2019.11.19-14.02.55:512][987]LogModuleManager: Shutting down and abandoning module UObjectPlugin (354)
[2019.11.19-14.02.55:512][987]LogModuleManager: Shutting down and abandoning module SubversionSourceControl (352)
[2019.11.19-14.02.55:512][987]LogModuleManager: Shutting down and abandoning module PerforceSourceControl (350)
[2019.11.19-14.02.55:512][987]LogModuleManager: Shutting down and abandoning module GitSourceControl (348)
[2019.11.19-14.02.55:512][987]LogModuleManager: Shutting down and abandoning module SourceControl (347)
[2019.11.19-14.02.55:512][987]LogModuleManager: Shutting down and abandoning module MultiUserClientLibrary (344)
[2019.11.19-14.02.55:512][987]LogModuleManager: Shutting down and abandoning module MultiUserClient (342)
[2019.11.19-14.02.55:512][987]LogModuleManager: Shutting down and abandoning module ConcertSyncUI (340)
[2019.11.19-14.02.55:512][987]LogModuleManager: Shutting down and abandoning module ConcertSyncClient (338)
[2019.11.19-14.02.55:512][987]LogModuleManager: Shutting down and abandoning module CLionSourceCodeAccess (336)
[2019.11.19-14.02.55:512][987]LogModuleManager: Shutting down and abandoning module AnimationSharingEd (334)
[2019.11.19-14.02.55:512][987]LogModuleManager: Shutting down and abandoning module ActorLayerUtilitiesEditor (332)
[2019.11.19-14.02.55:512][987]LogModuleManager: Shutting down and abandoning module ActorLayerUtilities (330)
[2019.11.19-14.02.55:512][987]LogModuleManager: Shutting down and abandoning module LightPropagationVolumeEditor (328)
[2019.11.19-14.02.55:512][987]LogModuleManager: Shutting down and abandoning module PaperTiledImporter (326)
[2019.11.19-14.02.55:512][987]LogModuleManager: Shutting down and abandoning module PaperSpriteSheetImporter (324)
[2019.11.19-14.02.55:513][987]LogModuleManager: Shutting down and abandoning module Paper2DEditor (322)
[2019.11.19-14.02.55:513][987]LogModuleManager: Shutting down and abandoning module AdvancedSteamSessions (320)
[2019.11.19-14.02.55:513][987]LogModuleManager: Shutting down and abandoning module AdvancedSessions (318)
[2019.11.19-14.02.55:513][987]LogModuleManager: Shutting down and abandoning module SignificanceManager (316)
[2019.11.19-14.02.55:513][987]LogModuleManager: Shutting down and abandoning module RuntimePhysXCooking (314)
[2019.11.19-14.02.55:513][987]LogModuleManager: Shutting down and abandoning module PhysXVehiclesEditor (312)
[2019.11.19-14.02.55:513][987]LogModuleManager: Shutting down and abandoning module LocationServicesBPLibrary (308)
[2019.11.19-14.02.55:513][987]LogModuleManager: Shutting down and abandoning module SQLiteCore (306)
[2019.11.19-14.02.55:513][987]LogModuleManager: Shutting down and abandoning module ActorSequence (304)
[2019.11.19-14.02.55:513][987]LogModuleManager: Shutting down and abandoning module UdpMessaging (302)
[2019.11.19-14.02.55:614][987]LogModuleManager: Shutting down and abandoning module TcpMessaging (300)
[2019.11.19-14.02.55:717][987]LogModuleManager: Shutting down and abandoning module MagicLeapIdentity (298)
[2019.11.19-14.02.55:717][987]LogModuleManager: Shutting down and abandoning module MagicLeapSecureStorage (296)
[2019.11.19-14.02.55:717][987]LogModuleManager: Shutting down and abandoning module MagicLeapHandTracking (294)
[2019.11.19-14.02.55:717][987]LogModuleManager: Shutting down and abandoning module MagicLeapEyeTracker (292)
[2019.11.19-14.02.55:717][987]LogModuleManager: Shutting down and abandoning module MagicLeapController (290)
[2019.11.19-14.02.55:717][987]LogSlate: Slate User Destroyed.  User Index 0, Is Virtual User: 0
[2019.11.19-14.02.55:717][987]LogModuleManager: Shutting down and abandoning module MagicLeapAR (288)
[2019.11.19-14.02.55:717][987]LogModuleManager: Shutting down and abandoning module AugmentedReality (287)
[2019.11.19-14.02.55:717][987]LogModuleManager: Shutting down and abandoning module GameplayTagsEditor (284)
[2019.11.19-14.02.55:717][987]LogModuleManager: Shutting down and abandoning module FacialAnimationEditor (282)
[2019.11.19-14.02.55:717][987]LogModuleManager: Shutting down and abandoning module FacialAnimation (280)
[2019.11.19-14.02.55:717][987]LogModuleManager: Shutting down and abandoning module DataValidation (278)
[2019.11.19-14.02.55:717][987]LogModuleManager: Shutting down and abandoning module AssetManagerEditor (276)
[2019.11.19-14.02.55:717][987]LogModuleManager: Shutting down and abandoning module LevelEditor (275)
[2019.11.19-14.02.55:719][987]LogModuleManager: Shutting down and abandoning module PixelInspectorModule (274)
[2019.11.19-14.02.55:720][987]LogModuleManager: Shutting down and abandoning module CommonMenuExtensions (272)
[2019.11.19-14.02.55:720][987]LogModuleManager: Shutting down and abandoning module MainFrame (270)
[2019.11.19-14.02.55:720][987]LogModuleManager: Shutting down and abandoning module HotReload (269)
[2019.11.19-14.02.55:720][987]LogModuleManager: Shutting down and abandoning module ContentBrowser (265)
[2019.11.19-14.02.55:721][987]LogModuleManager: Shutting down and abandoning module TreeMap (263)
[2019.11.19-14.02.55:722][987]LogModuleManager: Shutting down and abandoning module ConcertSyncCore (260)
[2019.11.19-14.02.55:722][987]LogModuleManager: Shutting down and abandoning module Concert (258)
[2019.11.19-14.02.55:722][987]LogModuleManager: Shutting down and abandoning module ConcertTransport (257)
[2019.11.19-14.02.55:722][987]LogModuleManager: Shutting down and abandoning module AnimationSharing (254)
[2019.11.19-14.02.55:722][987]LogModuleManager: Shutting down and abandoning module LightPropagationVolumeRuntime (252)
[2019.11.19-14.02.55:722][987]LogModuleManager: Shutting down and abandoning module Paper2D (250)
[2019.11.19-14.02.55:722][987]LogModuleManager: Shutting down and abandoning module WindowsMoviePlayer (248)
[2019.11.19-14.02.55:724][987]LogModuleManager: Shutting down and abandoning module WebMMoviePlayer (246)
[2019.11.19-14.02.55:724][987]LogModuleManager: Shutting down and abandoning module NetworkReplayStreaming (244)
[2019.11.19-14.02.55:724][987]LogModuleManager: Shutting down and abandoning module PacketHandler (242)
[2019.11.19-14.02.55:724][987]LogModuleManager: Shutting down and abandoning module ClothingSystemEditor (240)
[2019.11.19-14.02.55:724][987]LogModuleManager: Shutting down and abandoning module ClothingSystemRuntime (238)
[2019.11.19-14.02.55:724][987]LogModuleManager: Shutting down and abandoning module MediaAssets (236)
[2019.11.19-14.02.55:724][987]LogModuleManager: Shutting down and abandoning module Overlay (234)
[2019.11.19-14.02.55:724][987]LogModuleManager: Shutting down and abandoning module OverlayEditor (233)
[2019.11.19-14.02.55:724][987]LogModuleManager: Shutting down and abandoning module VREditor (230)
[2019.11.19-14.02.55:724][987]LogModuleManager: Shutting down and abandoning module StringTableEditor (228)
[2019.11.19-14.02.55:724][987]LogModuleManager: Shutting down and abandoning module GameplayTasksEditor (226)
[2019.11.19-14.02.55:724][987]LogModuleManager: Shutting down and abandoning module BehaviorTreeEditor (224)
[2019.11.19-14.02.55:724][987]LogModuleManager: Shutting down and abandoning module FunctionalTesting (222)
[2019.11.19-14.02.55:724][987]LogModuleManager: Shutting down and abandoning module CollisionAnalyzer (220)
[2019.11.19-14.02.55:724][987]LogModuleManager: Shutting down and abandoning module WorkspaceMenuStructure (219)
[2019.11.19-14.02.55:724][987]LogModuleManager: Shutting down and abandoning module UMG (216)
[2019.11.19-14.02.55:724][987]LogModuleManager: Shutting down and abandoning module UMGEditor (215)
[2019.11.19-14.02.55:724][987]LogModuleManager: Shutting down and abandoning module Sequencer (214)
[2019.11.19-14.02.55:724][987]LogModuleManager: Shutting down and abandoning module MessageLog (211)
[2019.11.19-14.02.55:724][987]LogModuleManager: Shutting down and abandoning module SlateReflector (206)
[2019.11.19-14.02.55:725][987]LogModuleManager: Shutting down and abandoning module Slate (204)
[2019.11.19-14.02.55:725][987]LogModuleManager: Shutting down and abandoning module LandscapeEditorUtilities (202)
[2019.11.19-14.02.55:725][987]LogModuleManager: Shutting down and abandoning module EditorStyle (200)
[2019.11.19-14.02.55:725][987]LogModuleManager: Shutting down and abandoning module UnrealEd (198)
[2019.11.19-14.02.55:725][987]LogModuleManager: Shutting down and abandoning module MRMesh (196)
[2019.11.19-14.02.55:725][987]LogModuleManager: Shutting down and abandoning module SourceCodeAccess (194)
[2019.11.19-14.02.55:726][987]LogModuleManager: Shutting down and abandoning module HeadMountedDisplay (192)
[2019.11.19-14.02.55:726][987]LogModuleManager: Shutting down and abandoning module XAudio2 (190)
[2019.11.19-14.02.55:726][987]LogModuleManager: Shutting down and abandoning module Networking (188)
[2019.11.19-14.02.55:726][987]LogModuleManager: Shutting down and abandoning module Core (186)
[2019.11.19-14.02.55:726][987]LogModuleManager: Shutting down and abandoning module KismetCompiler (184)
[2019.11.19-14.02.55:726][987]LogModuleManager: Shutting down and abandoning module MeshUtilities (182)
[2019.11.19-14.02.55:726][987]LogModuleManager: Shutting down and abandoning module MeshMergeUtilities (181)
[2019.11.19-14.02.55:726][987]LogModuleManager: Shutting down and abandoning module MeshReductionInterface (180)
[2019.11.19-14.02.55:726][987]LogModuleManager: Shutting down and abandoning module SkeletalMeshReduction (179)
[2019.11.19-14.02.55:726][987]LogModuleManager: Shutting down and abandoning module ProxyLODMeshReduction (177)
[2019.11.19-14.02.55:726][987]LogModuleManager: Shutting down and abandoning module QuadricMeshReduction (175)
[2019.11.19-14.02.55:726][987]LogModuleManager: Shutting down and abandoning module MaterialBaking (171)
[2019.11.19-14.02.55:726][987]LogModuleManager: Shutting down and abandoning module NullInstallBundleManager (166)
[2019.11.19-14.02.55:726][987]LogModuleManager: Shutting down and abandoning module DerivedDataCache (164)
[2019.11.19-14.02.55:763][987]LogDerivedDataCache: Shutdown
[2019.11.19-14.02.55:763][987]LogModuleManager: Shutting down and abandoning module XGEController (162)
[2019.11.19-14.02.55:763][987]LogModuleManager: Shutting down and abandoning module TargetPlatform (160)
[2019.11.19-14.02.55:763][987]LogModuleManager: Shutting down and abandoning module VulkanShaderFormat (159)
[2019.11.19-14.02.55:763][987]LogModuleManager: Shutting down and abandoning module ShaderFormatVectorVM (157)
[2019.11.19-14.02.55:764][987]LogModuleManager: Shutting down and abandoning module ShaderFormatOpenGL (155)
[2019.11.19-14.02.55:764][987]LogModuleManager: Shutting down and abandoning module ShaderFormatD3D (153)
[2019.11.19-14.02.55:764][987]LogModuleManager: Shutting down and abandoning module MetalShaderFormat (151)
[2019.11.19-14.02.55:764][987]LogModuleManager: Shutting down and abandoning module TextureFormatUncompressed (149)
[2019.11.19-14.02.55:764][987]LogModuleManager: Shutting down and abandoning module TextureFormatPVR (147)
[2019.11.19-14.02.55:764][987]LogModuleManager: Shutting down and abandoning module TextureFormatDXT (145)
[2019.11.19-14.02.55:764][987]LogModuleManager: Shutting down and abandoning module TextureFormatIntelISPCTexComp (143)
[2019.11.19-14.02.55:764][987]LogModuleManager: Shutting down and abandoning module TextureFormatASTC (141)
[2019.11.19-14.02.55:764][987]LogModuleManager: Shutting down and abandoning module ImageWrapper (140)
[2019.11.19-14.02.55:764][987]LogModuleManager: Shutting down and abandoning module TextureFormatAndroid (137)
[2019.11.19-14.02.55:764][987]LogModuleManager: Shutting down and abandoning module AudioFormatOpus (135)
[2019.11.19-14.02.55:764][987]LogModuleManager: Shutting down and abandoning module AudioFormatOgg (133)
[2019.11.19-14.02.55:764][987]LogModuleManager: Shutting down and abandoning module AudioFormatADPCM (131)
[2019.11.19-14.02.55:764][987]LogModuleManager: Shutting down and abandoning module LuminTargetPlatform (129)
[2019.11.19-14.02.55:765][987]LogModuleManager: Shutting down and abandoning module LinuxTargetPlatform (127)
[2019.11.19-14.02.55:765][987]LogModuleManager: Shutting down and abandoning module LinuxServerTargetPlatform (125)
[2019.11.19-14.02.55:765][987]LogModuleManager: Shutting down and abandoning module LinuxNoEditorTargetPlatform (123)
[2019.11.19-14.02.55:765][987]LogModuleManager: Shutting down and abandoning module LinuxClientTargetPlatform (121)
[2019.11.19-14.02.55:765][987]LogModuleManager: Shutting down and abandoning module TVOSTargetPlatform (119)
[2019.11.19-14.02.55:766][987]LogModuleManager: Shutting down and abandoning module Messaging (117)
[2019.11.19-14.02.55:766][987]LogModuleManager: Shutting down and abandoning module IOSTargetPlatform (115)
[2019.11.19-14.02.55:767][987]LogModuleManager: Shutting down and abandoning module HTML5TargetPlatform (113)
[2019.11.19-14.02.55:767][987]LogModuleManager: Shutting down and abandoning module AndroidTargetPlatform (111)
[2019.11.19-14.02.55:775][987]LogModuleManager: Shutting down and abandoning module WindowsTargetPlatform (109)
[2019.11.19-14.02.55:775][987]LogModuleManager: Shutting down and abandoning module WindowsServerTargetPlatform (107)
[2019.11.19-14.02.55:775][987]LogModuleManager: Shutting down and abandoning module WindowsNoEditorTargetPlatform (105)
[2019.11.19-14.02.55:775][987]LogModuleManager: Shutting down and abandoning module WindowsClientTargetPlatform (103)
[2019.11.19-14.02.55:775][987]LogModuleManager: Shutting down and abandoning module MacTargetPlatform (101)
[2019.11.19-14.02.55:775][987]LogModuleManager: Shutting down and abandoning module MacServerTargetPlatform (99)
[2019.11.19-14.02.55:775][987]LogModuleManager: Shutting down and abandoning module MacNoEditorTargetPlatform (97)
[2019.11.19-14.02.55:775][987]LogModuleManager: Shutting down and abandoning module MacClientTargetPlatform (95)
[2019.11.19-14.02.55:775][987]LogModuleManager: Shutting down and abandoning module AllDesktopTargetPlatform (93)
[2019.11.19-14.02.55:775][987]LogModuleManager: Shutting down and abandoning module InputCore (90)
[2019.11.19-14.02.55:775][987]LogModuleManager: Shutting down and abandoning module Settings (88)
[2019.11.19-14.02.55:775][987]LogModuleManager: Shutting down and abandoning module DirectoryWatcher (86)
[2019.11.19-14.02.55:775][987]LogModuleManager: Shutting down and abandoning module PhysXCooking (84)
[2019.11.19-14.02.55:775][987]LogModuleManager: Shutting down and abandoning module WindowsPlatformFeatures (82)
[2019.11.19-14.02.55:775][987]LogModuleManager: Shutting down and abandoning module GameplayMediaEncoder (81)
[2019.11.19-14.02.55:775][987]LogModuleManager: Shutting down and abandoning module SteamVR (78)
[2019.11.19-14.02.55:775][987]LogHMD: Freeing OpenVRDLLHandle.
[2019.11.19-14.02.55:775][987]LogModuleManager: Shutting down and abandoning module OculusHMD (76)
[2019.11.19-14.02.55:775][987]LogModuleManager: Shutting down and abandoning module ExampleDeviceProfileSelector (74)
[2019.11.19-14.02.55:775][987]LogModuleManager: Shutting down and abandoning module LauncherChunkInstaller (72)
[2019.11.19-14.02.55:775][987]LogModuleManager: Shutting down and abandoning module OnlineBlueprintSupport (70)
[2019.11.19-14.02.55:775][987]LogModuleManager: Shutting down and abandoning module OnlineSubsystem (66)
[2019.11.19-14.02.55:833][987]LogModuleManager: Shutting down and abandoning module XMPP (61)
[2019.11.19-14.02.55:833][987]LogModuleManager: Shutting down and abandoning module WebSockets (60)
[2019.11.19-14.02.55:857][987]LogModuleManager: Shutting down and abandoning module HTTP (57)
[2019.11.19-14.02.55:857][987]LogHttp: Display: Http module shutting down, but needs to wait on 1 outstanding Http requests:
[2019.11.19-14.02.55:857][987]LogHttp: Display: 	verb=[POST] url=[https://datarouter.ol.epicgames.com/datarouter/api/v1/public/data?SessionID=%7B378CF06F-418D-17EE-C7A5-E5A5FBA82A0E%7D&AppID=UEEditor.Rocket.Release&AppVersion=4.23.1-9631420%2B%2B%2BUE4%2BRelease-4.23&UserID=3e9860574fc7b27fdbbef9a52fc6591e%7Ca422c2a41f744ccc8e52e37b4c1cb8cb%7C99b7ed20-1872-4b16-9967-1bbcf9921803&AppEnvironment=datacollector-binary&UploadType=eteventstream] status=Processing
[2019.11.19-14.02.55:890][987]LogModuleManager: Shutting down and abandoning module SSL (56)
[2019.11.19-14.02.55:892][987]LogModuleManager: Shutting down and abandoning module WmfMedia (52)
[2019.11.19-14.02.55:893][987]LogModuleManager: Shutting down and abandoning module Media (51)
[2019.11.19-14.02.55:895][987]LogModuleManager: Shutting down and abandoning module MagicLeap (48)
[2019.11.19-14.02.55:895][987]LogModuleManager: Shutting down and abandoning module DatasmithContent (46)
[2019.11.19-14.02.55:895][987]LogModuleManager: Shutting down and abandoning module AISupportModule (44)
[2019.11.19-14.02.55:895][987]LogModuleManager: Shutting down and abandoning module PlatformCryptoOpenSSL (42)
[2019.11.19-14.02.55:895][987]LogModuleManager: Shutting down and abandoning module PlatformCrypto (40)
[2019.11.19-14.02.55:895][987]LogModuleManager: Shutting down and abandoning module AnimationModifiers (38)
[2019.11.19-14.02.55:895][987]LogModuleManager: Shutting down and abandoning module PropertyEditor (37)
[2019.11.19-14.02.55:895][987]LogModuleManager: Shutting down and abandoning module AudioEditor (34)
[2019.11.19-14.02.55:895][987]LogModuleManager: Shutting down and abandoning module TextureCompressor (32)
[2019.11.19-14.02.55:895][987]LogModuleManager: Shutting down and abandoning module RenderCore (30)
[2019.11.19-14.02.55:895][987]LogModuleManager: Shutting down and abandoning module Landscape (28)
[2019.11.19-14.02.55:895][987]LogModuleManager: Shutting down and abandoning module SlateRHIRenderer (26)
[2019.11.19-14.02.55:896][987]LogModuleManager: Shutting down and abandoning module OpenGLDrv (24)
[2019.11.19-14.02.55:896][987]LogModuleManager: Shutting down and abandoning module D3D11RHI (22)
[2019.11.19-14.02.55:896][987]LogModuleManager: Shutting down and abandoning module AnimGraphRuntime (20)
[2019.11.19-14.02.55:896][987]LogModuleManager: Shutting down and abandoning module Renderer (18)
[2019.11.19-14.02.55:896][987]LogModuleManager: Shutting down and abandoning module Engine (16)
[2019.11.19-14.02.55:896][987]LogModuleManager: Shutting down and abandoning module CoreUObject (14)
[2019.11.19-14.02.55:896][987]LogModuleManager: Shutting down and abandoning module NetworkFile (12)
[2019.11.19-14.02.55:896][987]LogModuleManager: Shutting down and abandoning module CookedIterativeFile (10)
[2019.11.19-14.02.55:896][987]LogModuleManager: Shutting down and abandoning module StreamingFile (8)
[2019.11.19-14.02.55:896][987]LogModuleManager: Shutting down and abandoning module SandboxFile (6)
[2019.11.19-14.02.55:896][987]LogModuleManager: Shutting down and abandoning module PakFile (4)
[2019.11.19-14.02.55:896][987]LogModuleManager: Shutting down and abandoning module RSA (3)
[2019.11.19-14.02.55:897][987]LogD3D11RHI: Shutdown
[2019.11.19-14.02.55:897][987]LogD3D11RHI: CleanupD3DDevice
[2019.11.19-14.02.55:897][987]LogRendererCore: FGlobalDynamicReadBuffer::Cleanup()
[2019.11.19-14.02.55:897][987]LogRendererCore: FGlobalDynamicReadBuffer::Cleanup()
[2019.11.19-14.02.55:897][987]LogRendererCore: FGlobalDynamicReadBuffer::Cleanup()
[2019.11.19-14.02.56:001][987]LogD3D11RHI: ~FD3D11DynamicRHI
[2019.11.19-14.02.56:009][987]LogExit: Exiting.
[2019.11.19-14.02.56:049][987]Log file closed, 11/19/19 15:02:56
